100000 32 8
date: Sat Apr 25 20:07:00 MDT 2015
Fixed 32 switches throughput
MACs per switch: 1000
Threads: 8
20:08:01.834 32  switches: flows/sec:  12868  11082  15136  25783  12984  22631  12461  14267  12794  15800  10975  10348  13775  16394  16338  11820  14455  11589  10565  13259  19008  12049  10398  11921  16159  12417  14300  13479  11709  11498  15403  11283   total = 44.494782 per ms 
20:08:11.938 32  switches: flows/sec:  35318  35991  33578  36668  37659  36773  36238  35052  34274  35861  33591  35730  34347  33581  36686  34739  34851  37462  36885  34192  36974  34773  35826  34696  33534  37594  35781  34995  36067  35339  35884  36909   total = 113.784663 per ms 
20:08:22.042 32  switches: flows/sec:  34012  36131  32084  39075  35119  36572  33572  36513  33407  37946  34530  32544  33440  31105  36394  35131  34399  38659  33343  31417  32573  35435  34377  33384  32677  37264  33169  33029  34813  33571  34427  33876   total = 110.398767 per ms 
20:08:32.145 32  switches: flows/sec:  34418  36534  32264  34143  34077  34234  32259  35377  35704  36016  33039  33027  32491  33919  36225  35523  36126  36402  34706  34072  31484  34371  33599  33097  33927  37561  32418  32395  37175  31398  33832  36468   total = 109.827990 per ms 
20:08:42.248 32  switches: flows/sec:  33811  33364  33638  34633  31781  34187  32355  34423  33362  35696  31993  32468  31583  31595  33448  34210  33899  36172  33891  32596  35787  33442  31566  32120  34307  34343  31239  31418  33912  33388  35955  35102   total = 107.168379 per ms 
20:08:52.351 32  switches: flows/sec:  34871  34615  34753  34410  33023  35156  34952  35941  33199  36030  32631  33059  32487  31057  32464  32869  34473  34913  35091  33112  32892  33998  31986  31163  33854  33550  33552  32567  34926  33406  34323  36346   total = 108.166608 per ms 
20:09:02.455 32  switches: flows/sec:  31942  32124  34191  34133  31066  34719  33484  34689  33060  33030  30960  32056  32698  31212  33281  34282  33748  34065  33995  34562  33287  34134  33450  33529  32401  30796  29589  33724  33740  32911  33535  36482   total = 106.087489 per ms 
20:09:12.558 32  switches: flows/sec:  32360  33196  33178  34856  32506  33206  31458  33787  33326  34901  30911  33323  29612  31141  32278  34289  34248  35577  33348  32716  30674  34329  30938  32575  31702  34285  31573  33228  32942  31520  34295  36502   total = 105.477652 per ms 
20:09:22.662 32  switches: flows/sec:  34631  33818  34875  33393  33472  32564  30257  34162  31970  36713  33721  32436  32344  34704  32907  34737  34003  35166  33584  31376  32502  33568  32973  31173  31950  34196  35087  32033  32479  30844  33114  37384   total = 106.813440 per ms 
20:09:32.765 32  switches: flows/sec:  34210  36139  34471  34866  32345  33956  33659  37453  32519  35776  32666  32416  33414  32973  34852  33457  34602  36474  34443  31317  33621  34757  32798  33775  33399  34314  33344  31674  34888  32992  34807  37454   total = 108.983046 per ms 
RESULT: 32 switches 9 tests min/max/avg/stdev = 105477.65/113784.66/108523.11/2431.48 responses/s
20:09:53.133 32  switches: flows/sec:  15189  10148  10337  8519  8582  9535  16492  11934  11752  8915  11327  11001  10245  13575  8994  19224  9494  9307  10304  11092  12942  9213  11388  9668  9530  10768  9852  12813  8503  8177  10128  11294   total = 35.024165 per ms 
20:10:03.238 32  switches: flows/sec:  30283  32616  30214  30027  32085  32294  32897  30109  34765  31904  32049  32421  37160  32792  29938  32887  32649  33349  31916  31010  31024  30440  30931  31798  33015  35974  31384  33662  31577  33167  31803  30321   total = 102.845833 per ms 
20:10:13.341 32  switches: flows/sec:  30044  29918  32002  30151  31732  32906  33910  32111  31071  33014  33304  32884  33861  32906  30334  32215  32595  34226  32109  29779  31496  31320  32328  32065  32178  34707  34488  30981  33686  31511  33257  33785   total = 103.287379 per ms 
20:10:23.443 32  switches: flows/sec:  32662  32322  30960  32512  32860  33412  33871  32614  32121  33577  33048  33164  37403  34430  31524  34653  29943  35095  32876  29934  33181  32279  34381  31364  32080  33739  34043  31706  35389  32187  31934  33848   total = 105.511052 per ms 
20:10:33.546 32  switches: flows/sec:  30558  33324  30860  30975  32349  31585  32957  32811  30154  31864  29815  32740  31668  34937  31024  32057  31490  33720  31563  30860  30887  31542  32843  33276  31833  31838  36798  32677  32442  31661  31301  34078   total = 102.848391 per ms 
20:10:43.650 32  switches: flows/sec:  32526  30946  32312  31005  34541  32881  35118  31407  30606  32206  33055  32071  31362  34192  31994  32666  32748  34435  30631  33314  32622  32431  33631  33122  32777  32544  33596  30969  32243  32293  32590  30586   total = 103.941958 per ms 
20:10:53.753 32  switches: flows/sec:  31219  32307  30201  31522  28635  32167  31650  32544  30583  32459  29594  32859  30157  33017  29855  32349  30282  30857  30668  32055  31729  31195  30800  31133  31181  31829  34684  32196  32989  31538  31746  33974   total = 100.997158 per ms 
20:11:03.856 32  switches: flows/sec:  31250  31112  31397  34431  33566  33727  32688  32098  31513  32461  31719  33998  36238  36198  29650  33769  33678  33883  31055  30846  35102  32603  34585  32094  33289  31154  35413  31388  31898  32905  32074  33648   total = 105.142947 per ms 
20:11:13.960 32  switches: flows/sec:  28900  33925  33643  34258  32104  32909  32221  32513  30857  33003  29451  32935  35292  31017  30207  31066  31616  33214  32595  31626  34304  30923  30878  30847  31446  32646  34226  30640  30874  31148  32500  31318   total = 102.510128 per ms 
20:11:24.064 32  switches: flows/sec:  31704  32338  31118  30058  31331  33255  32946  32817  33299  33082  29154  31659  35445  34280  29928  32585  32435  31703  30138  31450  32329  31015  33676  33141  32877  33071  33802  30447  32759  33283  32630  35760   total = 103.551459 per ms 
RESULT: 32 switches 9 tests min/max/avg/stdev = 100997.16/105511.05/103404.03/1291.02 responses/s
20:11:44.440 32  switches: flows/sec:  13400  11294  9603  8379  9114  11795  10732  8522  9715  8943  11549  10214  21002  10774  8832  10607  12227  10137  9941  10406  10494  11813  11620  12450  10097  8281  9608  10099  9248  11058  9920  9355   total = 34.122869 per ms 
20:11:54.543 32  switches: flows/sec:  29964  31093  31878  31772  27746  29258  28985  31561  28029  35216  32363  32571  29202  30992  28751  29668  31720  27369  30448  31447  30314  27834  29948  29948  33803  32100  31234  31747  33116  31015  36379  32488   total = 98.995514 per ms 
20:12:04.649 32  switches: flows/sec:  32092  31071  33174  32011  30794  31021  31094  32311  30235  29681  32367  33697  30081  31120  30313  30937  33304  32356  29550  31782  30511  28309  30156  31470  31478  28011  30921  32409  32538  32058  33099  32505   total = 100.245430 per ms 
20:12:14.753 32  switches: flows/sec:  31418  29250  32870  33278  28195  28824  29660  30771  31642  31414  31522  32056  32224  29821  29962  32354  34389  29027  30451  31585  31019  29505  29510  31331  31091  33264  31193  29970  31589  30743  36869  29499   total = 99.629331 per ms 
20:12:24.856 32  switches: flows/sec:  31698  27759  32189  29591  28592  27609  26585  32505  31905  30718  29521  32601  30180  29825  30281  32243  33786  31522  31868  31175  28448  29292  29185  29291  33058  30709  30410  32122  32633  32482  33045  30444   total = 98.327092 per ms 
20:12:34.960 32  switches: flows/sec:  33738  31883  33357  31018  29017  27394  29005  30318  30336  30280  30895  33877  33069  29909  31939  31616  35362  29323  29331  32323  30432  26614  31106  29786  30981  30718  33824  30750  28986  31201  37833  31640   total = 99.785821 per ms 
20:12:45.063 32  switches: flows/sec:  32503  31175  32157  29287  29757  29023  27410  29026  28690  28770  32071  33133  33481  28064  29447  32417  32618  30349  32469  31533  29461  27882  32166  30551  33717  30150  31794  31648  30497  31356  35543  33261   total = 99.140590 per ms 
20:12:55.167 32  switches: flows/sec:  31367  29345  31371  33643  29448  28826  29834  31208  32082  30499  29383  33864  31490  29142  27523  31643  33944  30074  30846  32896  31413  28532  30149  29699  29733  31365  32176  31914  30956  31973  36053  34521   total = 99.690712 per ms 
20:13:05.270 32  switches: flows/sec:  32233  29769  31601  31341  29656  30429  30888  30178  34495  30772  33308  33845  32611  30868  30757  31168  32541  31964  33175  31960  31951  29542  29972  31960  31365  30046  31605  31365  31483  31484  35605  32421   total = 101.235770 per ms 
20:13:15.374 32  switches: flows/sec:  30227  28926  32977  32214  29648  30958  29390  27187  31294  30373  32191  31249  30236  32582  31839  29503  33558  29709  29821  32464  28640  29540  28792  28992  31604  30347  30493  30951  30277  30896  32670  31588   total = 98.113561 per ms 
RESULT: 32 switches 9 tests min/max/avg/stdev = 98113.56/101235.77/99462.65/905.07 responses/s
-------------------------------------------------------------
MACs per switch: 10000
Threads: 8
20:13:35.749 32  switches: flows/sec:  1700  1176  1360  1017  1339  1082  1409  1630  1226  1249  1264  1065  1091  1007  1132  1463  1081  1862  1275  1569  1087  1792  1116  1321  1253  1057  1312  1338  1071  1322  1772  1111   total = 4.154868 per ms 
20:13:45.849 32  switches: flows/sec:  880  842  806  842  863  821  857  829  831  837  811  830  852  810  828  860  860  816  846  792  900  764  824  772  823  837  826  833  915  810  786  842   total = 2.664335 per ms 
20:13:55.952 32  switches: flows/sec:  856  792  761  896  851  802  863  823  814  838  784  824  789  770  813  855  815  828  831  785  806  803  830  880  795  834  798  793  836  881  810  791   total = 2.624011 per ms 
20:14:06.055 32  switches: flows/sec:  793  721  792  756  782  804  813  835  757  772  774  793  780  752  741  706  798  753  811  762  737  715  795  755  763  828  864  778  764  749  835  789   total = 2.486216 per ms 
20:14:16.156 32  switches: flows/sec:  687  676  724  753  794  727  680  710  696  740  747  714  766  729  800  718  765  765  724  759  721  702  695  733  718  773  692  746  791  651  701  634   total = 2.322757 per ms 
20:14:26.257 32  switches: flows/sec:  626  694  766  724  675  712  667  710  635  700  739  741  741  696  722  632  708  750  700  683  637  618  641  766  728  674  753  743  703  698  694  727   total = 2.240198 per ms 
20:14:36.358 32  switches: flows/sec:  654  617  635  549  670  642  667  692  649  659  684  660  669  628  662  667  648  636  634  616  613  681  634  609  631  638  624  626  639  632  687  642   total = 2.059285 per ms 
20:14:46.460 32  switches: flows/sec:  614  679  592  624  665  625  638  633  623  643  684  675  672  600  640  607  710  638  630  678  572  649  585  687  719  662  565  600  556  623  715  595   total = 2.039450 per ms 
20:14:56.560 32  switches: flows/sec:  640  571  570  582  614  676  603  701  548  630  604  580  602  643  561  650  652  670  614  582  597  552  592  635  661  602  583  571  584  523  623  516   total = 1.933199 per ms 
20:15:06.660 32  switches: flows/sec:  568  614  569  565  592  617  609  531  525  614  607  653  575  566  569  575  580  504  619  614  601  570  550  555  621  603  562  557  621  576  584  515   total = 1.858081 per ms 
RESULT: 32 switches 9 tests min/max/avg/stdev = 1858.08/2664.34/2247.50/280.35 responses/s
20:15:27.015 32  switches: flows/sec:  1082  1259  1067  1671  1108  1322  1565  1313  1141  1335  1399  1403  991  1390  1047  1087  1157  1181  1331  1492  1236  1228  1041  956  1160  1467  1171  1165  1173  1074  1324  1616   total = 3.994035 per ms 
20:15:37.116 32  switches: flows/sec:  862  852  860  850  865  845  850  843  873  834  878  888  839  881  848  916  874  901  941  918  858  856  843  887  853  908  832  814  881  868  837  895   total = 2.774877 per ms 
20:15:47.217 32  switches: flows/sec:  809  810  804  817  785  827  837  809  775  776  796  763  776  804  855  797  785  792  763  779  842  823  818  804  805  845  836  781  777  806  803  830   total = 2.572663 per ms 
20:15:57.320 32  switches: flows/sec:  792  846  793  764  803  783  829  771  796  753  767  756  809  751  823  760  743  727  759  793  766  760  814  772  770  805  761  801  792  802  760  798   total = 2.501368 per ms 
20:16:07.420 32  switches: flows/sec:  730  709  777  704  749  787  746  691  771  738  680  721  775  747  745  708  767  670  744  712  736  732  694  711  768  669  719  742  670  759  740  734   total = 2.334367 per ms 
20:16:17.522 32  switches: flows/sec:  762  722  845  663  658  653  732  684  735  750  783  815  777  667  674  514  547  849  705  578  698  734  713  719  645  603  803  668  709  766  644  744   total = 2.255669 per ms 
20:16:27.623 32  switches: flows/sec:  581  562  789  588  667  711  720  681  741  763  691  536  693  752  668  741  497  683  552  643  662  776  625  751  650  699  680  606  626  642  775  648   total = 2.139719 per ms 
20:16:37.724 32  switches: flows/sec:  614  568  600  584  572  635  729  696  671  608  737  618  722  603  702  682  562  581  597  601  680  622  619  576  627  604  646  651  694  542  557  585   total = 2.008239 per ms 
20:16:47.824 32  switches: flows/sec:  615  675  587  589  669  572  599  547  561  573  678  667  655  567  558  546  555  585  599  506  491  633  683  597  683  553  570  665  636  627  596  587   total = 1.922396 per ms 
20:16:57.926 32  switches: flows/sec:  557  653  581  535  591  549  622  587  585  607  605  699  559  450  581  590  509  459  578  565  642  641  488  625  516  601  604  645  566  632  571  670   total = 1.866019 per ms 
RESULT: 32 switches 9 tests min/max/avg/stdev = 1866.02/2774.88/2263.92/293.18 responses/s
20:17:18.289 32  switches: flows/sec:  1286  1437  1180  1170  1877  1063  1745  1689  1246  1106  1301  1143  1388  1161  1306  1127  1366  1274  1542  1492  936  1475  1172  1427  1408  1263  1192  1200  1300  1070  1077  972   total = 4.138757 per ms 
20:17:28.390 32  switches: flows/sec:  848  879  900  819  872  816  781  826  839  870  836  834  879  886  833  834  864  853  884  865  850  895  855  824  813  825  839  930  860  835  851  901   total = 2.729424 per ms 
20:17:38.492 32  switches: flows/sec:  789  754  790  760  829  712  807  801  764  792  757  789  797  733  814  760  784  745  740  737  752  758  812  828  755  733  766  811  763  764  780  818   total = 2.478850 per ms 
20:17:48.594 32  switches: flows/sec:  779  789  738  806  778  711  763  796  707  761  708  730  740  743  771  727  734  755  764  780  818  788  758  746  751  784  779  731  750  766  740  805   total = 2.429231 per ms 
20:17:58.695 32  switches: flows/sec:  747  771  741  782  771  718  733  777  675  786  672  718  734  650  738  720  755  714  728  717  759  733  758  668  687  654  725  727  742  668  751  697   total = 2.321553 per ms 
20:18:08.796 32  switches: flows/sec:  671  724  720  688  634  613  644  714  664  720  740  685  794  746  818  724  866  733  663  710  796  653  691  764  637  664  671  694  796  683  634  705   total = 2.265568 per ms 
20:18:18.897 32  switches: flows/sec:  557  635  709  630  712  637  613  650  764  678  643  605  693  647  685  666  641  715  646  704  621  634  718  654  616  618  623  740  716  643  637  515   total = 2.096478 per ms 
20:18:28.999 32  switches: flows/sec:  613  631  679  617  677  619  666  672  580  587  638  549  583  686  658  581  647  609  675  625  621  626  641  664  659  610  664  666  718  681  642  598   total = 2.037858 per ms 
20:18:39.099 32  switches: flows/sec:  652  577  544  624  640  530  629  565  540  639  597  646  563  637  631  625  556  591  526  618  642  675  610  627  639  627  588  605  601  644  601  547   total = 1.933487 per ms 
20:18:49.200 32  switches: flows/sec:  581  570  563  586  609  534  560  530  528  609  569  548  534  588  553  556  572  542  563  484  540  615  591  572  530  521  558  572  576  559  586  436   total = 1.783366 per ms 
RESULT: 32 switches 9 tests min/max/avg/stdev = 1783.37/2729.42/2230.65/279.45 responses/s
-------------------------------------------------------------
MACs per switch: 100000
Threads: 8
20:19:09.580 32  switches: flows/sec:  1191  1297  1074  1404  1179  1340  1214  1048  1241  1155  998  1097  1100  1067  1960  1518  1026  1894  1222  1055  1100  1296  1032  1169  1491  987  1395  1227  1026  1049  1125  1189   total = 3.915887 per ms 
20:19:19.680 32  switches: flows/sec:  955  927  895  942  884  960  892  929  922  893  884  938  933  893  849  964  934  984  940  928  928  902  872  908  898  908  966  920  927  965  911  958   total = 2.950889 per ms 
20:19:29.781 32  switches: flows/sec:  801  792  840  775  755  826  850  743  784  838  788  826  767  792  822  844  775  819  772  812  842  790  786  830  799  824  787  796  803  818  793  854   total = 2.574272 per ms 
20:19:39.881 32  switches: flows/sec:  781  736  742  706  774  768  764  794  797  728  711  773  799  711  815  750  665  850  776  778  715  721  785  821  784  747  768  818  780  776  748  768   total = 2.444878 per ms 
20:19:49.982 32  switches: flows/sec:  755  717  775  807  743  694  693  748  731  730  764  744  653  697  793  712  716  751  747  760  722  778  728  712  762  727  668  704  784  718  750  682   total = 2.346436 per ms 
20:20:00.085 32  switches: flows/sec:  678  682  643  738  738  748  685  750  640  720  639  706  667  771  737  639  744  701  685  731  684  759  698  657  664  596  654  681  703  652  742  631   total = 2.215601 per ms 
20:20:10.186 32  switches: flows/sec:  684  621  707  508  588  645  688  646  627  576  660  605  660  707  639  692  729  624  706  605  677  710  659  711  665  621  574  732  672  652  664  597   total = 2.084977 per ms 
20:20:20.289 32  switches: flows/sec:  602  635  590  530  638  656  663  648  627  662  697  666  642  653  688  594  657  612  692  541  689  571  665  607  654  584  668  649  630  561  651  660   total = 2.027723 per ms 
20:20:30.392 32  switches: flows/sec:  549  546  600  628  618  667  580  525  637  620  639  540  581  621  631  511  568  565  576  536  666  631  559  586  632  620  672  543  583  658  610  609   total = 1.910024 per ms 
20:20:40.493 32  switches: flows/sec:  548  591  581  593  575  622  599  504  602  534  634  601  579  594  593  588  596  548  692  610  601  545  612  581  558  659  565  539  557  502  660  482   total = 1.864398 per ms 
RESULT: 32 switches 9 tests min/max/avg/stdev = 1864.40/2950.89/2268.80/330.42 responses/s
20:21:00.860 32  switches: flows/sec:  1342  1352  1377  1285  1023  910  1446  1180  1006  1006  1225  1786  1188  1252  2104  996  1256  1181  1431  1068  1120  1821  1012  1083  1068  1358  1012  1197  1619  1006  1297  1357   total = 4.035383 per ms 
20:21:10.963 32  switches: flows/sec:  843  833  825  901  841  780  876  813  848  797  799  819  787  847  768  808  871  867  844  793  815  820  760  856  827  839  822  852  842  786  793  818   total = 2.638422 per ms 
20:21:21.063 32  switches: flows/sec:  780  744  803  773  804  773  769  797  830  784  759  773  758  793  754  749  801  761  795  797  810  752  747  787  855  783  774  763  796  801  838  863   total = 2.516488 per ms 
20:21:31.164 32  switches: flows/sec:  762  734  804  776  724  793  767  728  724  763  765  762  797  752  725  735  827  770  802  756  812  756  855  728  755  831  798  713  743  796  797  712   total = 2.456086 per ms 
20:21:41.265 32  switches: flows/sec:  777  710  725  694  674  796  711  696  728  702  662  683  779  746  812  746  830  728  761  742  736  721  806  781  703  729  672  723  764  715  761  700   total = 2.351247 per ms 
20:21:51.365 32  switches: flows/sec:  729  626  714  655  602  713  764  670  683  640  705  669  607  706  727  679  751  675  699  721  733  702  622  710  650  683  658  717  669  649  697  507   total = 2.173170 per ms 
20:22:01.468 32  switches: flows/sec:  687  663  683  629  652  635  658  637  698  632  628  724  627  694  656  663  662  649  669  628  661  715  634  644  580  652  628  642  705  698  590  637   total = 2.095397 per ms 
20:22:11.569 32  switches: flows/sec:  678  645  567  712  618  614  641  644  614  683  644  619  662  640  684  703  738  626  666  703  696  601  617  638  650  634  595  685  673  599  641  597   total = 2.072590 per ms 
20:22:21.672 32  switches: flows/sec:  633  591  564  640  552  662  518  560  606  612  606  580  608  674  626  642  593  635  648  650  647  586  577  542  578  596  653  664  600  567  538  537   total = 1.927938 per ms 
20:22:31.773 32  switches: flows/sec:  604  565  597  581  601  532  589  518  591  604  572  462  491  532  597  564  554  563  596  477  592  599  559  531  529  537  559  525  613  592  543  510   total = 1.787895 per ms 
RESULT: 32 switches 9 tests min/max/avg/stdev = 1787.90/2638.42/2224.36/268.17 responses/s
20:22:52.144 32  switches: flows/sec:  1296  1051  966  1427  1068  1054  1334  924  1151  2082  1542  1033  958  1316  935  1549  938  2493  1379  1528  1277  1542  1764  1214  1153  1024  943  1141  953  1037  1056  1227   total = 4.035005 per ms 
20:23:02.245 32  switches: flows/sec:  855  857  880  823  859  834  886  895  902  836  833  844  906  830  910  863  836  903  846  899  825  860  850  821  889  891  902  871  843  855  824  865   total = 2.759293 per ms 
20:23:12.345 32  switches: flows/sec:  762  819  760  813  794  823  779  791  792  797  740  770  763  801  806  760  788  764  759  754  803  770  802  781  802  850  762  762  764  788  811  768   total = 2.509798 per ms 
20:23:22.445 32  switches: flows/sec:  780  732  774  778  746  794  782  768  794  790  761  742  730  724  790  814  705  625  747  774  812  715  809  725  753  765  743  714  795  710  800  797   total = 2.428792 per ms 
20:23:32.546 32  switches: flows/sec:  742  744  778  777  767  767  740  668  734  651  667  744  760  648  808  736  747  734  692  721  688  701  710  578  740  693  736  756  745  682  709  705   total = 2.306755 per ms 
20:23:42.646 32  switches: flows/sec:  697  595  719  730  629  717  722  713  724  761  696  743  628  690  669  706  686  640  759  679  622  751  728  636  742  712  620  678  688  679  714  638   total = 2.211074 per ms 
20:23:52.748 32  switches: flows/sec:  715  652  551  681  660  620  642  653  677  639  590  646  613  701  646  660  613  628  619  734  554  695  646  645  652  585  686  692  626  616  651  627   total = 2.061097 per ms 
20:24:02.849 32  switches: flows/sec:  637  577  616  649  609  591  632  645  621  643  578  678  546  676  644  684  605  655  670  606  645  645  630  676  711  672  503  591  590  665  708  673   total = 2.027092 per ms 
20:24:12.950 32  switches: flows/sec:  582  580  595  561  604  665  602  597  575  618  589  653  636  612  640  551  601  543  588  615  625  544  628  612  641  573  621  541  636  549  658  563   total = 1.919611 per ms 
20:24:23.052 32  switches: flows/sec:  583  627  579  578  581  569  516  620  613  523  532  643  539  622  568  590  552  539  600  551  505  546  589  616  519  571  553  609  586  549  615  518   total = 1.829684 per ms 
RESULT: 32 switches 9 tests min/max/avg/stdev = 1829.68/2759.29/2228.13/284.89 responses/s
-------------------------------------------------------------
MACs per switch: 1000000
Threads: 8
20:24:43.419 32  switches: flows/sec:  2098  1253  1026  1121  1112  1442  970  1387  1008  1319  1281  1423  2108  1056  1039  1089  942  1125  1193  1518  1410  1235  1398  1063  1483  1157  875  1251  1132  1360  1356  1189   total = 4.041866 per ms 
20:24:53.520 32  switches: flows/sec:  806  874  818  751  800  841  839  824  776  804  809  806  823  811  836  803  792  807  813  857  827  852  769  817  801  785  851  849  882  858  799  807   total = 2.618665 per ms 
20:25:03.620 32  switches: flows/sec:  799  822  785  794  792  803  773  786  776  788  764  792  854  811  796  782  773  847  831  786  756  822  796  784  826  821  815  781  768  779  819  756   total = 2.547599 per ms 
20:25:13.721 32  switches: flows/sec:  763  750  752  754  772  715  760  779  778  788  736  645  772  737  700  752  739  784  764  729  733  732  735  708  728  793  774  781  740  784  744  736   total = 2.395689 per ms 
20:25:23.821 32  switches: flows/sec:  751  785  717  680  752  730  629  774  705  719  734  579  720  737  656  788  745  724  709  694  754  733  756  752  755  707  725  800  734  750  718  704   total = 2.321569 per ms 
20:25:33.922 32  switches: flows/sec:  708  715  697  638  711  696  615  709  671  618  739  626  695  725  708  708  710  716  673  666  659  707  662  738  628  716  708  748  689  606  731  628   total = 2.196300 per ms 
20:25:44.023 32  switches: flows/sec:  678  678  676  653  662  603  579  694  604  617  657  635  717  626  692  658  695  658  667  669  658  665  654  686  624  660  581  624  670  603  640  627   total = 2.080829 per ms 
20:25:54.124 32  switches: flows/sec:  624  612  615  708  602  568  549  643  623  663  687  633  633  592  623  691  655  709  628  669  628  631  641  608  580  629  641  601  658  599  611  498   total = 2.004972 per ms 
20:26:04.227 32  switches: flows/sec:  558  589  641  672  609  583  585  609  528  529  639  589  568  619  629  598  567  597  653  617  589  536  571  583  578  614  589  567  591  565  606  563   total = 1.892652 per ms 
20:26:14.328 32  switches: flows/sec:  549  550  514  571  574  592  588  519  605  566  625  605  508  557  570  576  591  582  575  512  638  489  607  522  530  528  535  529  621  561  596  507   total = 1.798981 per ms 
RESULT: 32 switches 9 tests min/max/avg/stdev = 1798.98/2618.66/2206.36/270.05 responses/s
20:26:34.707 32  switches: flows/sec:  1185  1174  1527  1089  1419  1458  1290  1247  1482  1082  1454  1017  1238  1088  875  1178  1113  1029  1282  1524  1268  1324  1464  1320  1610  1223  1493  1270  1212  1210  1311  1024   total = 4.047927 per ms 
20:26:44.808 32  switches: flows/sec:  858  788  775  808  766  756  814  788  812  847  875  881  823  780  853  807  874  798  796  826  789  797  791  785  886  825  925  795  811  840  846  871   total = 2.628436 per ms 
20:26:54.910 32  switches: flows/sec:  774  779  768  741  776  790  786  772  781  773  773  735  762  760  789  795  799  821  768  800  799  814  796  780  787  785  798  799  784  754  741  784   total = 2.495913 per ms 
20:27:05.011 32  switches: flows/sec:  805  783  774  764  740  731  809  744  721  757  747  774  762  787  752  713  706  753  774  806  737  838  732  790  733  776  766  740  758  771  700  807   total = 2.434989 per ms 
20:27:15.112 32  switches: flows/sec:  756  746  762  780  763  752  674  822  768  729  732  737  689  785  742  757  727  697  744  764  691  760  774  725  687  645  771  761  730  714  756  655   total = 2.359217 per ms 
20:27:25.212 32  switches: flows/sec:  723  694  720  687  668  759  739  708  659  703  689  686  659  703  700  764  624  691  681  721  711  672  735  652  710  646  733  723  742  721  723  625   total = 2.237070 per ms 
20:27:35.313 32  switches: flows/sec:  741  660  631  673  729  631  668  659  664  723  662  586  612  720  704  650  680  700  694  562  742  692  654  623  650  637  654  675  611  695  718  712   total = 2.141180 per ms 
20:27:45.414 32  switches: flows/sec:  699  616  608  642  613  601  643  641  627  650  654  640  569  674  602  655  660  613  638  662  604  578  621  649  637  607  634  589  665  580  609  625   total = 2.010391 per ms 
20:27:55.514 32  switches: flows/sec:  637  587  608  612  639  587  621  606  625  628  576  528  665  603  635  563  642  523  653  633  568  638  597  665  544  602  641  581  604  575  595  607   total = 1.938800 per ms 
20:28:05.614 32  switches: flows/sec:  562  600  622  650  509  540  614  601  573  561  495  566  591  607  527  595  635  622  558  588  619  614  625  596  608  597  562  567  486  573  540  567   total = 1.856931 per ms 
RESULT: 32 switches 9 tests min/max/avg/stdev = 1856.93/2628.44/2233.66/251.26 responses/s
20:28:25.978 32  switches: flows/sec:  1280  1105  1041  1699  1033  1081  994  998  1546  1155  1317  1483  1343  1370  1441  1350  1106  1716  1134  1112  1209  1531  1029  1123  1193  1653  1348  1446  1082  1608  1274  1193   total = 4.099129 per ms 
20:28:36.079 32  switches: flows/sec:  745  790  833  889  843  856  833  877  761  886  862  795  805  792  837  833  802  818  808  806  803  797  811  882  839  829  805  776  793  795  808  801   total = 2.620679 per ms 
20:28:46.180 32  switches: flows/sec:  754  785  796  778  740  781  741  816  778  747  760  762  747  801  814  772  774  767  734  797  792  757  782  802  773  769  770  759  751  778  771  772   total = 2.471829 per ms 
20:28:56.281 32  switches: flows/sec:  721  811  751  752  776  809  722  758  783  737  797  710  745  742  783  735  724  759  758  763  765  777  715  722  758  732  726  755  718  703  731  731   total = 2.396865 per ms 
20:29:06.383 32  switches: flows/sec:  673  720  644  732  728  754  708  695  731  715  690  678  678  733  715  707  678  666  720  718  692  741  771  713  718  734  731  729  761  746  807  689   total = 2.291038 per ms 
20:29:16.483 32  switches: flows/sec:  658  679  756  699  698  692  644  625  762  756  679  629  653  769  699  691  660  748  641  722  700  642  638  678  613  648  643  748  726  652  719  753   total = 2.201990 per ms 
20:29:26.584 32  switches: flows/sec:  694  681  703  629  670  658  636  626  641  677  691  624  748  665  628  696  674  697  678  662  689  705  616  630  694  664  682  654  598  700  645  509   total = 2.116195 per ms 
20:29:36.685 32  switches: flows/sec:  620  665  632  561  635  631  508  605  675  603  573  634  685  682  634  547  603  667  562  639  659  638  664  620  642  683  663  690  651  581  624  559   total = 2.003486 per ms 
20:29:46.785 32  switches: flows/sec:  559  574  564  540  566  618  614  592  625  638  527  597  618  576  620  640  608  650  609  597  639  586  561  620  603  611  618  644  616  548  554  572   total = 1.910332 per ms 
20:29:56.887 32  switches: flows/sec:  595  632  573  571  630  550  565  545  626  587  585  609  600  566  627  611  542  637  511  597  654  550  574  609  590  618  549  607  648  597  629  571   total = 1.895326 per ms 
RESULT: 32 switches 9 tests min/max/avg/stdev = 1895.33/2620.68/2211.97/240.14 responses/s
-------------------------------------------------------------
MACs per switch: 10000000
Threads: 8
20:30:17.259 32  switches: flows/sec:  1115  1054  1304  1385  1106  1468  1103  1084  963  1470  1284  1070  1363  986  1595  1152  987  1029  1235  1050  1415  1327  953  1358  1484  1009  1373  1931  1065  1226  1288  895   total = 3.912638 per ms 
20:30:27.363 32  switches: flows/sec:  820  867  877  875  886  890  826  871  886  904  834  834  844  870  870  836  851  798  885  911  833  896  889  815  896  859  870  824  856  884  873  850   total = 2.757040 per ms 
20:30:37.464 32  switches: flows/sec:  827  778  811  810  873  826  793  841  779  822  802  763  816  808  816  845  809  807  855  828  799  852  826  869  873  771  837  794  831  849  736  829   total = 2.617205 per ms 
20:30:47.565 32  switches: flows/sec:  866  797  830  802  784  842  801  704  798  724  783  692  809  759  814  835  811  780  855  843  765  858  805  805  794  766  804  816  750  721  814  859   total = 2.548585 per ms 
20:30:57.665 32  switches: flows/sec:  697  772  758  758  787  767  718  766  703  762  699  676  730  674  704  725  730  753  753  727  740  784  695  741  709  778  763  748  763  688  715  728   total = 2.351088 per ms 
20:31:07.768 32  switches: flows/sec:  638  621  620  627  650  717  686  772  670  697  717  683  679  661  695  669  673  742  705  718  706  666  717  708  698  701  638  715  722  787  749  673   total = 2.211317 per ms 
20:31:17.869 32  switches: flows/sec:  747  555  653  662  701  680  633  600  659  603  585  693  614  605  708  655  636  689  694  652  659  658  744  689  636  598  734  675  562  626  623  620   total = 2.084769 per ms 
20:31:27.970 32  switches: flows/sec:  603  606  629  678  576  663  583  659  662  673  598  658  656  593  568  645  550  641  587  673  644  644  612  660  586  656  555  615  599  645  642  591   total = 1.994823 per ms 
20:31:38.071 32  switches: flows/sec:  635  565  632  624  657  608  559  589  525  577  598  556  617  529  580  556  641  570  605  555  577  577  552  589  574  629  524  571  639  545  577  525   total = 1.865519 per ms 
20:31:48.172 32  switches: flows/sec:  483  642  551  578  493  490  551  573  573  604  566  561  524  566  605  602  503  587  588  644  593  513  555  587  568  553  589  591  616  570  489  585   total = 1.809224 per ms 
RESULT: 32 switches 9 tests min/max/avg/stdev = 1809.22/2757.04/2248.84/320.99 responses/s
20:32:08.537 32  switches: flows/sec:  1562  1166  1574  1225  1010  1040  1572  1122  1141  1595  1125  1414  1257  1212  1195  1142  1446  1236  1160  1091  1387  1259  1366  970  1404  1116  1747  1324  1289  1014  1050  865   total = 4.007463 per ms 
20:32:18.638 32  switches: flows/sec:  853  798  867  825  831  891  800  848  861  836  821  827  845  847  789  831  892  824  814  763  832  870  901  803  795  804  859  848  812  795  839  876   total = 2.669577 per ms 
20:32:28.741 32  switches: flows/sec:  760  772  780  756  778  782  803  826  770  757  775  828  764  795  779  762  769  775  788  800  817  762  802  771  776  785  815  786  784  788  792  776   total = 2.506553 per ms 
20:32:38.842 32  switches: flows/sec:  780  773  776  788  743  757  830  748  784  786  795  796  844  823  821  817  781  744  768  756  785  735  702  800  766  810  770  734  798  821  760  748   total = 2.493701 per ms 
20:32:48.944 32  switches: flows/sec:  776  730  696  730  630  747  704  779  767  764  721  677  678  699  685  697  688  704  736  746  665  714  739  704  717  714  715  701  719  758  741  745   total = 2.298154 per ms 
20:32:59.045 32  switches: flows/sec:  688  681  683  665  767  709  742  750  666  695  705  671  679  647  699  703  641  680  689  670  747  670  667  691  624  697  707  768  665  668  719  689   total = 2.214059 per ms 
20:33:09.145 32  switches: flows/sec:  626  598  625  616  624  664  645  656  678  691  641  563  624  644  703  657  656  692  695  687  657  601  681  677  624  621  654  689  666  726  671  617   total = 2.086898 per ms 
20:33:19.248 32  switches: flows/sec:  614  679  643  660  655  576  602  632  652  655  635  700  588  579  657  598  599  629  608  637  644  626  607  681  595  592  662  622  628  654  585  692   total = 2.018154 per ms 
20:33:29.348 32  switches: flows/sec:  502  635  589  515  626  609  564  646  549  639  659  671  636  628  604  638  567  565  627  537  598  604  568  513  664  566  641  594  595  541  560  554   total = 1.900388 per ms 
20:33:39.449 32  switches: flows/sec:  575  600  562  597  650  569  636  617  572  621  580  575  597  599  628  578  632  590  677  608  680  567  570  619  550  639  654  658  576  635  599  641   total = 1.945037 per ms 
RESULT: 32 switches 9 tests min/max/avg/stdev = 1900.39/2669.58/2236.95/257.97 responses/s
20:33:59.822 32  switches: flows/sec:  1132  1385  1260  1226  1149  1240  1210  1314  1001  1460  1467  1477  1465  1100  1274  1251  965  1500  1339  1532  1122  1048  1067  1224  1110  1208  1132  1027  1480  1623  1469  1078   total = 4.032681 per ms 
20:34:09.922 32  switches: flows/sec:  845  823  843  844  842  843  831  855  829  879  835  887  827  888  841  924  917  863  865  821  882  830  841  815  849  872  816  828  870  815  845  847   total = 2.721154 per ms 
20:34:20.024 32  switches: flows/sec:  796  825  803  788  821  804  804  784  828  855  788  816  815  809  793  782  801  787  848  826  820  797  808  821  807  829  776  824  819  805  796  835   total = 2.590584 per ms 
20:34:30.125 32  switches: flows/sec:  792  812  744  747  779  794  784  790  795  763  775  800  783  756  817  748  815  746  818  758  763  798  764  814  748  791  797  746  814  783  744  817   total = 2.499499 per ms 
20:34:40.225 32  switches: flows/sec:  767  717  741  701  699  767  695  728  695  730  734  703  733  747  686  748  794  736  794  728  655  739  729  718  741  722  746  714  765  735  704  721   total = 2.333091 per ms 
20:34:50.329 32  switches: flows/sec:  707  634  652  654  607  723  674  685  711  660  761  713  699  656  744  723  608  663  686  718  712  681  673  604  726  743  655  703  703  727  721  736   total = 2.205465 per ms 
20:35:00.429 32  switches: flows/sec:  637  623  651  682  661  708  683  711  669  665  698  632  622  604  654  571  581  609  645  642  589  643  580  692  720  656  686  642  631  584  689  700   total = 2.075998 per ms 
20:35:10.530 32  switches: flows/sec:  599  587  587  594  673  653  590  645  619  628  630  616  619  621  613  626  603  586  635  640  570  618  621  617  647  620  625  671  607  630  618  581   total = 1.978761 per ms 
20:35:20.632 32  switches: flows/sec:  631  665  625  650  593  669  566  586  596  554  645  590  601  621  585  610  584  546  573  617  580  574  608  637  624  651  563  668  611  562  637  568   total = 1.938764 per ms 
20:35:30.733 32  switches: flows/sec:  562  542  605  529  583  577  567  591  638  583  653  568  494  585  552  642  553  575  578  600  593  609  602  609  586  591  637  496  640  547  580  530   total = 1.859544 per ms 
RESULT: 32 switches 9 tests min/max/avg/stdev = 1859.54/2721.15/2244.76/290.98 responses/s
-------------------------------------------------------------
