100000 32 8
date: Sun Apr 26 02:37:50 MDT 2015
Fixed 32 switches throughput
MACs per switch: 1000
Threads: 8
02:38:05.351 32  switches: flows/sec:  630847  582932  579736  721084  602098  717091  717091  588521  675565  580535  717091  594112  717091  598104  592514  585327  721085  584528  576543  641227  575744  685150  713098  574946  575745  715496  715496  574147  577343  626855  715496  713100   total = 2048.476293 per ms 
02:38:15.457 32  switches: flows/sec:  677990  635665  635665  792984  659622  793782  794581  646846  722710  635665  794582  653234  794582  650838  644450  641256  794582  638061  635665  696357  636464  748264  794581  635665  635665  794581  794581  635665  635665  678788  794581  792985   total = 2251.435507 per ms 
02:38:25.561 32  switches: flows/sec:  669204  645247  645247  803364  668405  806559  806559  654032  723507  645247  806559  659621  806559  654031  651636  646046  806559  645247  645247  689169  646045  753055  806559  646046  645247  806559  806559  645247  645247  679586  806559  787393   total = 2275.124833 per ms 
02:38:35.664 32  switches: flows/sec:  673198  645247  645248  802566  665212  806559  806559  653233  722709  645247  806559  660420  806559  658823  650837  647642  806559  647642  645247  685176  645247  745868  806559  645247  645247  806559  806559  645247  645247  678787  806559  789789   total = 2274.782488 per ms 
02:38:45.768 32  switches: flows/sec:  671600  648441  648442  804163  668406  809754  810552  654830  724306  648441  810551  663614  810551  662017  653233  651636  810551  648441  648441  686773  648441  735485  810552  648442  648442  810552  810552  648442  648442  677190  810552  795379   total = 2282.560936 per ms 
02:38:55.872 32  switches: flows/sec:  667607  645247  645247  800171  666010  806559  806559  654032  726702  645247  806559  659621  806559  658024  650837  646046  806559  645247  645247  686773  645247  735486  806559  645248  645247  806559  806559  645247  645247  674795  806559  796976   total = 2273.425463 per ms 
02:39:05.976 32  switches: flows/sec:  671600  645248  645247  804164  665211  806559  806559  654830  726702  645248  806559  658823  806559  658822  651636  648441  806559  646844  645247  682780  646845  737083  806559  645247  645247  806558  806559  645247  645247  678787  806559  789789   total = 2274.044967 per ms 
02:39:16.081 32  switches: flows/sec:  672399  645248  645247  800170  664413  806559  806559  656427  719514  645248  806559  658823  806559  660420  654031  648441  806559  647643  645247  677989  645248  755450  806559  645247  645247  806559  806559  645247  645247  678787  806559  792983   total = 2275.160835 per ms 
02:39:26.186 32  switches: flows/sec:  670003  645247  645247  800969  666010  804962  806559  654031  725104  645247  806559  662018  806559  659621  654031  649240  806559  646046  645248  684377  646046  730694  806559  646046  645247  806559  805760  646045  645247  676391  806558  788192   total = 2273.141481 per ms 
02:39:36.290 32  switches: flows/sec:  671600  645247  646046  804163  666010  806559  806559  653233  732292  645247  806559  658823  806559  661218  650837  646845  806559  648441  645247  685974  646845  725104  806559  646046  646046  806559  806559  646046  645248  678787  806559  794581   total = 2274.805163 per ms 
RESULT: 32 switches 9 tests min/max/avg/stdev = 2251435.51/2282560.94/2272720.19/7976.68 responses/s
02:39:56.676 32  switches: flows/sec:  564563  696328  676365  693134  693134  597306  694732  645220  561370  651608  582133  693134  569356  577342  561370  693134  562967  694732  588521  697127  566960  559772  558973  560571  589320  693134  694731  673968  569355  559773  696329  572550   total = 1998.753692 per ms 
02:40:06.781 32  switches: flows/sec:  622888  778610  741876  778610  778610  650040  778610  697155  622888  715523  642852  778610  629277  636464  622888  778610  622888  778610  646047  778610  625283  622888  623687  623687  646046  778610  778610  746667  630075  622889  778609  633269   total = 2218.872568 per ms 
02:40:16.885 32  switches: flows/sec:  629276  786594  749061  786595  786595  659622  786595  697154  629276  709931  649240  785796  632470  646046  629276  786595  629276  786595  660420  786594  630873  629276  629276  629276  653233  786595  786594  738680  641255  630074  786595  638858   total = 2239.115808 per ms 
02:40:26.990 32  switches: flows/sec:  622887  778609  742673  778609  778609  650039  778609  695557  622887  705938  644448  778609  628477  638858  622887  778609  622887  778609  652434  778609  622887  622887  622887  622887  646046  778609  778609  737083  633269  622887  778608  634067   total = 2217.667594 per ms 
02:40:37.093 32  switches: flows/sec:  632470  786594  744270  786595  786595  658025  786595  697154  629276  705140  648441  784997  631671  642851  629276  786595  630075  786595  654031  785796  631671  629276  629276  629276  648441  786595  786594  745069  639657  630074  786595  638060   total = 2237.303311 per ms 
02:40:47.200 32  switches: flows/sec:  629276  782602  743471  782602  782602  652434  782602  689967  626081  705939  648442  781004  630074  640456  626081  782602  626082  782602  655629  781803  626880  626081  626081  626081  649240  782602  782601  736285  636463  626081  782602  636463   total = 2226.670479 per ms 
02:40:57.304 32  switches: flows/sec:  629275  786595  745867  786594  786594  651636  786594  693162  629275  707535  648442  785796  635664  644449  629275  786594  629276  786594  659621  785796  629276  629275  629275  629275  647642  786594  786595  746666  640455  629275  786594  639657   total = 2237.399809 per ms 
02:41:07.408 32  switches: flows/sec:  626082  782602  747464  782601  782601  653233  782601  697953  626082  705140  643650  782602  630873  642053  626082  782601  626081  782601  654031  782601  626880  626082  626082  626082  645247  782601  782602  744270  636463  626082  782602  637261   total = 2228.154513 per ms 
02:41:17.512 32  switches: flows/sec:  585354  726701  704341  726702  726702  646844  726702  675593  583757  681982  639657  725104  626880  638060  587750  726702  591743  726702  650039  725903  602923  582160  584556  595736  645247  722709  722708  700349  630872  582959  722709  632470   total = 2114.798156 per ms 
02:41:27.615 32  switches: flows/sec:  537440  662816  661218  662816  662816  638859  662816  647642  535044  651635  630872  662815  607714  627678  540634  662816  551016  662816  634067  662816  578167  542231  545425  562994  633269  662816  662816  659622  626082  538239  662815  615700   total = 1985.641279 per ms 
RESULT: 32 switches 9 tests min/max/avg/stdev = 1985641.28/2239115.81/2189513.72/80768.53 responses/s
02:41:48.011 32  switches: flows/sec:  660394  657998  535816  655602  653205  542204  532621  532621  569356  653205  596507  541406  654803  653205  535017  653205  564564  654804  630047  529427  576543  559773  638831  547794  551787  529427  653205  529427  654803  655602  614876  655603   total = 1917.122025 per ms 
02:41:58.116 32  switches: flows/sec:  734688  734687  591742  734687  734687  600527  590145  590145  626880  734687  662017  599728  734687  734687  593340  734687  614103  734688  717917  589347  628477  612506  729896  606117  610110  589347  734687  590146  734687  734687  666010  734688   total = 2135.756308 per ms 
02:42:08.220 32  switches: flows/sec:  758646  758645  608514  758645  758646  610909  606916  606916  626881  758646  655630  607715  758645  758646  606916  758646  622089  758646  729897  606917  634867  620493  717119  615701  616499  606917  758646  606916  758645  758645  656428  758646   total = 2182.656097 per ms 
02:42:18.324 32  switches: flows/sec:  754652  754652  605319  754651  754652  607714  603721  604520  633269  754652  666809  605318  754651  754652  604520  754652  622887  754651  730694  600527  629275  616499  713924  610110  613304  600527  750659  600527  750659  750659  654830  750658   total = 2171.754741 per ms 
02:42:28.429 32  switches: flows/sec:  749860  750659  602124  750659  750659  606916  598930  597332  629276  746666  660420  604520  746666  746666  597332  746666  620492  746666  717917  597333  634067  616498  708334  606916  616499  597333  746666  597332  746666  746666  650837  746666   total = 2157.995800 per ms 
02:42:38.533 32  switches: flows/sec:  746665  746666  598131  746666  746666  602923  597333  597333  629276  746666  658024  605319  746666  746666  601325  746666  614902  746666  719515  597333  628477  616498  724306  610110  612506  597333  746666  597333  746666  746666  665211  746665   total = 2157.692464 per ms 
02:42:48.637 32  switches: flows/sec:  738680  738680  594138  738680  738680  601325  591742  592541  626880  738680  651636  601326  738680  738680  594138  738680  617297  738681  707536  591742  627679  620491  716320  611707  610109  590944  738680  590944  738680  738680  666010  738680   total = 2140.680869 per ms 
02:42:58.742 32  switches: flows/sec:  738680  738680  593340  738681  738680  602124  592541  591743  623685  738680  658823  602124  738681  738680  595736  738680  612506  738680  701147  591743  631671  617297  726701  607714  607714  592542  738680  591743  738681  738681  666808  738680   total = 2140.719149 per ms 
02:43:08.846 32  switches: flows/sec:  730695  726702  583757  726702  726701  589347  582958  582959  631671  726701  658024  593340  726702  726701  586952  726701  619692  726702  704341  582160  632470  618096  705939  601325  606117  581362  726701  582959  726702  726702  654830  726702   total = 2114.690498 per ms 
02:43:18.951 32  switches: flows/sec:  726701  722709  584555  722708  722709  590944  581361  580563  632470  722709  658025  592541  722708  722709  584556  718716  614103  718716  695557  577368  630074  615699  708334  604520  597333  577369  718716  578167  718715  718715  659622  718716   total = 2103.646633 per ms 
RESULT: 32 switches 9 tests min/max/avg/stdev = 2103646.63/2182656.10/2145065.84/24071.52 responses/s
-------------------------------------------------------------
MACs per switch: 10000
Threads: 8
02:43:39.337 32  switches: flows/sec:  563767  569355  568558  510261  483908  570953  519046  486304  467937  567759  565362  565362  474326  566161  567759  467938  565362  471931  566960  550190  567759  567759  567759  565362  467139  566960  566161  564565  567759  566161  566962  565364   total = 1736.837926 per ms 
02:43:49.440 32  switches: flows/sec:  616499  626880  626880  554210  522267  626880  570181  526260  509490  626880  626880  626880  518274  626880  626880  511885  626880  518274  626880  611707  626880  626880  626880  626880  512684  626880  626880  626880  626880  626880  626880  626880   total = 1913.399146 per ms 
02:43:59.545 32  switches: flows/sec:  609312  626881  626881  555010  527858  626881  557405  530253  512685  626881  626881  626881  524663  626881  626881  519073  626881  522268  626881  598931  626881  626881  626881  626881  519073  626881  626881  620492  626881  626082  626881  626881   total = 1913.353404 per ms 
02:44:09.649 32  switches: flows/sec:  593340  618894  618894  540634  529454  618894  545426  532648  516677  618894  618894  618894  528655  618894  618894  520670  618894  524662  618894  586952  618894  618894  618894  618894  522267  618894  618894  609311  618894  617297  618894  618894   total = 1892.665725 per ms 
02:44:19.753 32  switches: flows/sec:  600527  642852  642851  543829  531051  642851  554210  533447  520670  642851  642852  642852  526260  642851  642851  521468  642852  526260  642852  594937  642851  642851  642851  642852  523864  642852  642851  626081  642851  638060  642851  642851   total = 1945.449760 per ms 
02:44:29.858 32  switches: flows/sec:  587750  638858  638858  550217  538238  638859  546224  537440  523066  638858  638859  638859  531052  638858  638858  525461  638859  531051  638859  594138  638858  638858  638858  638859  527058  638859  638858  621290  638858  629275  638859  638859   total = 1937.780191 per ms 
02:44:39.963 32  switches: flows/sec:  591743  642851  642852  550217  535842  642852  555009  540634  526260  642851  642851  642851  534246  642851  642852  528655  642851  532649  642851  599729  642851  642852  642852  642851  528655  642851  642851  626880  642851  635664  642852  642852   total = 1949.793931 per ms 
02:44:50.065 32  switches: flows/sec:  601326  654830  654830  552613  537440  654830  551814  538238  524663  654830  654830  654830  530252  654830  654830  523864  654830  531850  654830  616499  654830  654830  654830  654830  527857  654830  654830  651636  654830  654032  654830  654830   total = 1978.261956 per ms 
02:45:00.169 32  switches: flows/sec:  592541  654830  654830  545426  536641  654830  551015  534245  523864  654830  654830  654830  528655  654830  654830  525461  654830  528656  654830  619692  654830  654830  654830  654830  524662  654830  654830  644449  654830  650837  654830  654830   total = 1974.711029 per ms 
02:45:10.272 32  switches: flows/sec:  589347  658822  658823  550217  544627  658823  549419  541432  529454  658823  658823  658823  535842  658823  658823  531850  658823  539037  658823  598131  658823  658823  658823  658823  533447  658823  658823  618894  658823  643650  658823  658823   total = 1982.253105 per ms 
RESULT: 32 switches 9 tests min/max/avg/stdev = 1892665.72/1982253.10/1943074.25/30106.90 responses/s
02:45:30.660 32  switches: flows/sec:  600501  510261  592513  595709  592513  582133  541406  597305  593312  513456  595709  597306  532621  597306  491096  503074  483108  595709  593311  597306  558176  595709  595709  595709  486304  520643  572550  492691  485506  590120  593314  591717   total = 1798.314302 per ms 
02:45:40.765 32  switches: flows/sec:  682781  558203  677191  682781  682781  654032  582960  682781  682781  561398  682781  682781  574973  682781  548621  554211  546225  682781  682781  682781  618896  682781  682781  682781  546225  562995  631673  549419  547822  682781  682781  682781   total = 2032.013572 per ms 
02:45:50.868 32  switches: flows/sec:  682780  555807  675593  682780  682780  660420  585354  682780  682780  562994  682780  682780  570980  682780  548619  554210  547023  682780  682780  682780  622088  682780  682780  682780  547822  562196  634067  552612  551814  682780  682780  682780   total = 2033.858646 per ms 
02:46:00.972 32  switches: flows/sec:  682780  557404  677190  682780  682780  657226  582159  682780  682780  561397  682780  682780  570181  682780  549418  554209  546224  682780  682780  682780  613305  682780  682780  682780  546224  559800  632470  551814  547821  682780  682780  682780   total = 2031.409184 per ms 
02:46:11.075 32  switches: flows/sec:  686773  558203  681982  686773  686773  671600  582958  686772  686773  563792  686773  686773  577368  686773  551814  558203  550217  686773  686773  686773  611707  686773  686773  686773  550217  564591  626880  554210  551016  686773  686773  686773   total = 2042.977134 per ms 
02:46:21.177 32  switches: flows/sec:  686773  559800  679586  686773  686773  667607  579764  686773  686773  566987  686773  686773  574973  686773  552612  556605  551016  686773  686773  686773  617297  686773  686773  686773  551814  562195  632469  557405  551814  686773  686773  686773   total = 2043.602437 per ms 
02:46:31.281 32  switches: flows/sec:  682780  555807  675593  682780  682780  656427  580563  682780  682780  560598  682780  682780  571778  682780  548620  557404  546224  682780  682780  682780  618894  682780  682780  682780  546224  563792  634865  550217  547022  682780  682780  682780   total = 2032.088361 per ms 
02:46:41.384 32  switches: flows/sec:  682780  557404  677989  682780  682781  661218  582160  682780  682781  565389  682780  682780  569383  682780  547822  556605  547821  682781  682780  682780  617297  682780  682780  682781  546224  562195  627679  553411  547821  682780  682780  682780   total = 2032.755394 per ms 
02:46:51.489 32  switches: flows/sec:  686773  558203  679586  686773  686773  669204  580563  686772  686773  563793  686773  686773  570980  686773  552613  558203  550217  686773  686773  686773  619693  686773  686773  686773  549418  566987  634865  555008  551814  686773  686773  686773   total = 2043.317503 per ms 
02:47:01.591 32  switches: flows/sec:  686773  559800  682780  686773  686773  659622  583757  686773  686773  564591  686773  686773  576570  686773  551814  559001  549418  686773  686773  686773  621290  686773  686773  686773  549418  565390  628477  553411  550217  686773  686773  686773   total = 2042.986959 per ms 
RESULT: 32 switches 9 tests min/max/avg/stdev = 2031409.18/2043602.44/2037223.24/5403.24 responses/s
02:47:21.958 32  switches: flows/sec:  594113  630048  518247  627652  626853  531024  626853  627651  505469  563766  530226  607687  511060  523039  509462  627652  627652  574147  627652  519046  621261  511859  625257  621264  621264  625257  506270  625257  505472  625258  621264  621264   total = 1863.975577 per ms 
02:47:32.063 32  switches: flows/sec:  644450  694760  563793  694760  694760  575772  694760  693961  555808  622090  578168  665213  559002  569384  559002  694760  694760  610910  694760  566988  694759  562995  694760  694759  694759  694760  555808  694760  555808  690767  694759  694759   total = 2054.944400 per ms 
02:47:42.168 32  switches: flows/sec:  647643  694759  563793  694758  694758  580562  694758  692363  556606  621290  579764  667607  557404  570182  559001  694758  694758  609311  694758  569382  694759  563792  694759  694759  694759  694759  556606  694759  556605  691565  694759  694759   total = 2056.228471 per ms 
02:47:52.272 32  switches: flows/sec:  643650  702745  565390  702745  702745  578966  702744  697953  562196  614901  581361  667608  563793  572577  564591  702745  702745  606118  702745  573376  702745  566987  702745  698752  698752  698752  559002  698752  559001  693960  698752  698752   total = 2068.687313 per ms 
02:48:02.375 32  switches: flows/sec:  650039  702744  567786  702745  702745  579764  702745  699550  562994  618095  581361  672399  563793  575772  566189  702745  702745  606915  702745  573375  698751  564591  698751  698751  698751  698751  559800  698751  559799  693960  698751  698751   total = 2070.415347 per ms 
02:48:12.479 32  switches: flows/sec:  650039  702744  566987  702744  702744  582160  702745  700349  562196  618095  585354  670802  562994  572577  564591  702744  702744  609311  702744  572577  698751  564591  698751  698751  698751  698751  559001  698751  559001  692363  698751  698751   total = 2069.918499 per ms 
02:48:22.583 32  switches: flows/sec:  655628  702744  567786  702744  702744  578167  702744  701946  562994  607714  580563  673996  562994  574973  564592  702744  702744  602125  702744  570980  702745  565390  702744  702745  702745  702744  562196  702744  562994  698752  702745  702745   total = 2073.223078 per ms 
02:48:32.684 32  switches: flows/sec:  650837  702745  566189  702745  702745  578167  702744  701148  563792  624484  579764  673197  562994  572577  564591  702745  702745  602923  702745  574174  702745  566189  702745  702745  702745  702745  562994  702745  563793  697154  702745  702745   total = 2074.613893 per ms 
02:48:42.787 32  switches: flows/sec:  657225  702744  564592  702745  702745  578167  702745  697154  562195  607714  582160  667607  563793  573376  563793  702745  702745  599729  702745  572577  702744  567786  702744  702744  702744  702744  562195  702744  562196  697154  702744  702744   total = 2071.777381 per ms 
02:48:52.892 32  switches: flows/sec:  646046  698751  564591  698751  698751  575771  698752  695557  561397  607714  576570  671600  559001  570181  562994  698751  698751  595736  698751  570979  698751  562196  698751  698751  698751  698751  559799  698751  560599  693162  698751  698751   total = 2061.244228 per ms 
RESULT: 32 switches 9 tests min/max/avg/stdev = 2054944.40/2074613.89/2066783.62/6965.16 responses/s
-------------------------------------------------------------
MACs per switch: 100000
Threads: 8
02:49:13.284 32  switches: flows/sec:  487103  451966  527031  489498  514254  527031  523039  527031  526232  501477  525433  527031  527031  527032  527031  446376  527830  527830  527830  527830  525434  445577  527830  452764  527031  525433  527031  475923  451966  527830  527830  527031   total = 1630.676272 per ms 
02:49:23.390 32  switches: flows/sec:  534247  508692  626881  559800  592542  626881  608514  626881  626881  566190  626881  626881  626881  626880  626881  507095  626881  626881  626881  626881  625284  507094  626881  515879  626881  626881  626881  532650  511886  622089  626881  626881   total = 1910.034493 per ms 
02:49:33.495 32  switches: flows/sec:  535044  514281  638859  560598  600527  638858  612506  638859  638858  565390  638858  638858  638858  638859  638858  512684  638859  638859  638859  638859  635664  517475  638859  523864  638859  638858  638858  540634  519072  632470  638859  638858   total = 1940.676857 per ms 
02:49:43.601 32  switches: flows/sec:  532648  509490  614901  559001  589347  614901  592541  614901  614901  562994  614901  614901  614901  614902  614901  503900  614901  614901  614901  614901  610110  507893  614901  519073  614901  614901  614901  532648  512684  606916  614102  614901   total = 1881.842897 per ms 
02:49:53.704 32  switches: flows/sec:  550217  491122  598930  586152  598930  598930  598930  598930  598930  585354  598930  598930  598930  598930  598930  489526  598930  598930  598930  598930  598930  498310  598930  510288  598930  598930  598930  548620  499907  598930  598930  598930   total = 1853.307717 per ms 
02:50:03.808 32  switches: flows/sec:  543029  492720  582959  569383  582959  582958  582958  582959  582958  576570  582958  582958  582958  582959  582958  485533  582959  582959  582959  582959  582958  487130  582959  507892  582959  582958  582958  543030  494317  582958  582958  582958   total = 1810.676077 per ms 
02:50:13.912 32  switches: flows/sec:  547022  494317  598929  588549  598930  598930  598930  598929  598930  589347  598930  598930  598930  598930  598930  491123  598929  598929  598929  594937  594937  495116  594937  506295  594937  594937  594937  547822  499907  594937  594937  594937   total = 1849.856863 per ms 
02:50:24.014 32  switches: flows/sec:  551016  496713  598930  580562  598132  598930  598131  598930  598930  584556  598930  598930  598930  598930  598930  494317  598930  598930  598930  598930  598930  495914  598930  508692  598930  598930  598930  554210  503900  598930  598930  598930   total = 1854.329472 per ms 
02:50:34.117 32  switches: flows/sec:  549418  499108  598930  585354  598131  598929  598132  598930  598929  582159  598929  598929  598929  598930  598929  489525  598930  598930  598930  598930  598930  497511  598930  517475  598930  598929  598929  560598  503900  598930  598929  598929   total = 1855.722394 per ms 
02:50:44.219 32  switches: flows/sec:  548620  492719  594937  584555  594138  594937  594937  594937  594937  584556  594937  594937  594937  594937  594937  488726  594937  594937  594937  594937  594937  495116  594937  513482  594937  594937  594937  548619  507094  594937  594937  594937   total = 1844.455501 per ms 
RESULT: 32 switches 9 tests min/max/avg/stdev = 1810676.08/1940676.86/1866766.92/36438.38 responses/s
02:51:04.603 32  switches: flows/sec:  532622  454361  527830  527830  529427  511060  527031  529427  493491  527830  527830  525433  527830  464743  461548  525433  445577  527830  525433  529427  451966  515851  527830  527830  499880  525433  527031  529427  448771  527832  452766  527831   total = 1628.200033 per ms 
02:51:14.709 32  switches: flows/sec:  590945  496714  590945  590945  590945  580563  590945  590945  560599  590945  590945  590945  590945  540635  537441  590945  491123  590945  590945  590945  516678  578168  590945  590945  560599  590945  590945  590945  507095  590946  506297  590945   total = 1828.277060 per ms 
02:51:24.814 32  switches: flows/sec:  566987  490324  566987  566987  566987  566987  566987  566987  562196  566987  566987  566987  566987  537440  535044  566987  484734  566987  566987  566987  507892  566987  566987  566987  562994  566987  566987  566987  497511  566987  503101  566987   total = 1771.982834 per ms 
02:51:34.919 32  switches: flows/sec:  594937  495116  594937  594937  594937  594937  594937  594937  578167  594937  594937  594937  594937  539037  533447  594937  493518  594937  594937  594937  515878  594937  594937  594937  586153  594937  594937  594937  501504  594937  498310  594937   total = 1842.138910 per ms 
02:51:45.024 32  switches: flows/sec:  598930  495914  598930  598930  598930  597332  598930  598930  583757  598930  598930  598929  598930  541432  536642  598929  492719  598930  598929  598930  509489  598132  598930  598930  589347  598929  598930  598930  495914  598930  497511  598930   total = 1851.493737 per ms 
02:51:55.128 32  switches: flows/sec:  594937  494317  594937  594937  594937  592541  594937  594937  576569  594937  594937  594937  594937  540634  535044  594937  487928  594937  594937  594937  513482  594139  594937  594937  582959  594937  594937  594937  502302  594937  505497  594937   total = 1841.739460 per ms 
02:52:05.233 32  switches: flows/sec:  586952  492719  586952  586952  586951  585354  586952  586951  571778  586952  586952  586951  586952  538238  537440  586951  491921  586951  586951  586951  514281  586951  586952  586952  578966  586951  586952  586951  495914  586951  495914  586951   total = 1821.426943 per ms 
02:52:15.336 32  switches: flows/sec:  602922  499108  602922  602922  602923  602923  602922  602923  586951  602922  602922  602923  602922  538238  540634  602923  494317  602923  602923  602923  512684  602923  602922  602922  589347  602923  602922  602923  498310  602923  502303  602923   total = 1862.629470 per ms 
02:52:25.440 32  switches: flows/sec:  602923  498310  602923  602923  602923  602124  602923  602923  590146  602923  602923  602922  602923  544627  539835  602922  493518  602923  602922  602923  514281  602922  602923  602923  586951  602922  602923  602923  500705  602923  505497  602922   total = 1863.620522 per ms 
02:52:35.544 32  switches: flows/sec:  598929  495116  598930  598930  598930  596534  598930  598930  575771  598930  598930  598930  598930  543829  533447  598930  487928  598930  598930  598930  510289  598131  598930  598930  586152  598930  598930  598930  497511  598930  495914  598930   total = 1849.646227 per ms 
RESULT: 32 switches 9 tests min/max/avg/stdev = 1771982.83/1863620.52/1836995.02/26520.91 responses/s
02:52:55.910 32  switches: flows/sec:  476722  553384  479117  513456  557377  553383  554982  557377  481514  551786  470333  551786  499081  553384  551787  553385  553384  553384  551786  467937  553384  551787  534219  553385  551787  553384  551786  533420  551786  482313  551789  463147   total = 1701.611115 per ms 
02:53:06.016 32  switches: flows/sec:  512685  630873  520670  570981  630874  630874  630873  629277  524663  630874  512685  630874  555009  630874  630874  630874  630874  630874  630874  510289  630874  630874  594938  630874  630874  630874  630874  618096  630874  523865  630873  507893   total = 1919.636073 per ms 
02:53:16.120 32  switches: flows/sec:  504699  586951  509490  539037  586952  586951  586951  586153  511087  586951  502302  586951  535843  586951  586952  586952  586951  586951  586951  502303  586951  586952  551814  586952  586952  586951  586951  578966  586951  512684  586153  500705   total = 1807.208029 per ms 
02:53:26.224 32  switches: flows/sec:  481540  499109  481540  497511  499108  499108  499109  499108  489525  499108  479144  499108  498310  499108  499108  499108  499108  499108  499108  478345  499108  499108  499108  499108  499108  499108  499108  499109  499108  485533  499108  476748   total = 1584.760059 per ms 
02:53:36.326 32  switches: flows/sec:  498310  547023  503900  543828  547022  547023  547023  547023  526260  547022  487130  547022  541433  547022  547022  547022  547022  547022  547022  491122  547022  547022  547023  547022  547022  547022  547022  547022  547022  518274  547022  487928   total = 1717.901915 per ms 
02:53:46.431 32  switches: flows/sec:  500706  515080  506296  514281  515080  515080  515080  515080  510289  515080  487928  515080  513483  515080  515080  515080  515080  515080  515080  490324  515080  515080  515080  515080  515080  515080  515080  515080  515080  507893  515080  484734   total = 1636.123277 per ms 
02:53:56.533 32  switches: flows/sec:  522267  555009  527857  555009  555008  555008  555009  555008  547821  555008  491921  555008  555008  555008  555008  555008  555008  555008  555008  499906  555008  555008  555008  555008  555008  555008  555008  555008  555008  544627  555008  482338   total = 1749.112491 per ms 
02:54:06.640 32  switches: flows/sec:  503900  566986  515079  566987  566987  566987  566986  566987  543030  566987  487129  566987  565390  566987  566987  566987  566987  566987  566987  487928  566987  566987  566987  566987  566987  566987  566987  566987  566987  539037  566987  475949   total = 1772.259013 per ms 
02:54:16.744 32  switches: flows/sec:  508692  578966  519072  577368  578965  578965  578966  578965  550217  578965  489526  578965  578167  578965  578966  578966  578965  578965  578965  482338  578965  578966  578965  578966  578966  578965  578965  578966  578965  543030  578965  479143   total = 1804.276004 per ms 
02:54:26.853 32  switches: flows/sec:  506296  594938  522267  587750  594937  594937  594938  594937  551015  594937  489526  594937  588548  594937  594937  594937  594937  594937  594937  495116  594937  594937  594138  594937  594937  594937  594937  594937  594937  535044  594937  487129   total = 1844.256243 per ms 
RESULT: 32 switches 9 tests min/max/avg/stdev = 1584760.06/1919636.07/1759503.68/97105.38 responses/s
-------------------------------------------------------------
MACs per switch: 1000000
Threads: 8
02:54:47.264 32  switches: flows/sec:  416031  412037  408843  412037  406446  409642  409641  408044  408044  405648  408044  408044  408843  406446  406446  405648  408843  401655  408044  408843  408843  405648  404051  405650  406448  406448  408844  408844  406448  408046  405650  408046   total = 1305.020629 per ms 
02:54:57.368 32  switches: flows/sec:  415258  415258  415258  415258  407273  415258  415258  415258  415258  415258  415258  415258  415258  415258  415258  415258  415258  405675  415258  415258  415258  415258  411265  415258  415258  415258  415258  415258  415258  415258  415258  415258   total = 1326.408993 per ms 
02:55:07.471 32  switches: flows/sec:  452791  515079  452791  487129  446403  515080  515080  515079  515079  476748  515079  515079  515080  515079  515079  457582  453590  442410  515079  515080  515080  515080  448000  511087  515080  515080  515080  451992  515080  515080  455985  515080   total = 1583.668578 per ms 
02:55:17.576 32  switches: flows/sec:  524663  642054  522268  617298  521470  642852  642054  642853  642853  586953  642853  642853  642852  642853  642853  547024  543830  521470  642853  642852  642852  642853  520671  642054  642852  642852  642853  523865  642852  642852  529455  642852   total = 1945.301525 per ms 
02:55:27.680 32  switches: flows/sec:  530253  654830  527857  598131  526260  654830  654830  654830  654830  592541  654830  654830  654830  654830  654830  543829  540634  526260  654830  654830  654830  654830  528656  649240  654830  654830  654830  531849  654830  654830  532649  654830   total = 1972.474519 per ms 
02:55:37.785 32  switches: flows/sec:  519871  637261  519073  622088  516676  638858  638859  638859  638859  602124  638859  638859  638859  638859  638859  559800  558203  516676  638859  638859  638859  638859  517476  633269  638858  638858  638859  523864  638858  638858  523864  638858   total = 1938.511527 per ms 
02:55:47.887 32  switches: flows/sec:  519072  638859  514281  632470  514281  638859  638858  638859  638859  602922  638859  638859  638858  638859  638859  563793  561397  512684  638859  638858  638858  638858  515878  638859  638859  638859  638858  519073  638859  638859  523066  638859   total = 1939.269463 per ms 
02:55:57.991 32  switches: flows/sec:  519871  642852  519072  630872  516677  642852  642851  642851  642851  614103  642851  642851  642852  642851  642851  565389  568584  517476  642851  642852  642852  642851  517475  642851  642852  642852  642851  523864  642852  642852  527857  642852   total = 1952.090237 per ms 
02:56:08.096 32  switches: flows/sec:  518274  638858  515878  631672  514281  638858  638859  638859  638859  599728  638859  638859  638859  638859  638859  559800  561397  512684  638859  638859  638859  638859  514281  638858  638858  638858  638859  518274  638858  638858  523065  638858   total = 1937.995024 per ms 
02:56:18.200 32  switches: flows/sec:  515878  638858  515080  630873  513483  638858  638859  638859  638859  606916  638859  638859  638858  638859  638859  566189  566188  513482  638859  638858  638858  638858  513483  638859  638859  638859  638858  519073  638859  638859  522267  638859   total = 1939.746397 per ms 
RESULT: 32 switches 9 tests min/max/avg/stdev = 1326408.99/1972474.52/1837274.03/213366.69 responses/s
02:56:38.578 32  switches: flows/sec:  380891  383288  380094  379295  380094  380094  380892  377697  381691  380094  379295  377697  380094  377697  380893  381691  379295  381691  380094  377697  380094  377697  380094  381691  380094  377697  380094  379295  377697  381691  380094  377697   total = 1215.242745 per ms 
02:56:48.686 32  switches: flows/sec:  411266  411266  411266  411266  411266  411266  411266  411266  411266  411266  411266  411266  411266  411266  411266  411266  411266  411266  411266  411266  411266  411266  411266  411266  411266  411266  410467  411266  411266  411266  411266  411266   total = 1315.740519 per ms 
02:56:58.788 32  switches: flows/sec:  463172  415258  413661  463172  422445  424841  463172  463173  463172  463172  463173  463173  449596  463173  463173  463172  463172  463172  404876  463173  463172  463173  463172  445604  404078  463173  413661  463173  463173  463172  415258  413661   total = 1434.903152 per ms 
02:57:08.890 32  switches: flows/sec:  642851  524662  519871  642851  551814  562994  642852  642852  642852  642851  642852  642852  620491  642852  642851  642852  642851  642852  517475  642852  642851  642852  642851  611707  517475  642852  519073  642852  642852  642852  521468  521469   total = 1948.836061 per ms 
02:57:18.995 32  switches: flows/sec:  650837  529454  527856  650837  552612  555807  650837  650837  650837  650039  650837  650837  614902  650837  650837  650039  650837  650837  524662  650837  650837  650837  650837  611707  523065  650837  525462  650837  650837  650837  526260  527857   total = 1968.500099 per ms 
02:57:29.098 32  switches: flows/sec:  618894  518274  514281  618894  539836  554210  618895  618894  618895  618894  618894  618894  591743  618894  618894  618095  618894  618895  513483  618894  618894  618894  618894  592541  511885  618894  513482  618894  618894  618895  514281  517475   total = 1887.487659 per ms 
02:57:39.202 32  switches: flows/sec:  634866  516677  516677  634866  556605  573376  634866  634865  634866  634865  634865  634865  627678  634865  634865  634866  634866  634866  511086  634865  634866  634865  634866  615700  511885  634865  513483  634865  634865  634866  515079  517475   total = 1930.716812 per ms 
02:57:49.306 32  switches: flows/sec:  634866  515080  517475  634866  556605  570980  634865  634866  634865  634866  634866  634866  624485  634866  634866  634866  634866  634865  511885  634866  634866  634866  634866  616499  509489  634866  513483  634866  634866  634865  515080  520670   total = 1930.352886 per ms 
02:57:59.410 32  switches: flows/sec:  630873  516677  511885  630873  551814  577369  630873  630873  630873  630873  630873  630873  622887  630873  630873  630873  630873  630873  508691  630873  630873  630873  630873  614102  508691  630873  509490  630873  630873  630873  511087  513483   total = 1919.203515 per ms 
02:58:09.515 32  switches: flows/sec:  638859  522267  519872  638859  555008  573376  638858  638858  638858  638858  638858  638858  632470  638858  638859  638859  638859  638858  515079  638858  638859  638858  638859  614901  514281  638858  515878  638858  638858  638858  518274  518274   total = 1941.205942 per ms 
RESULT: 32 switches 9 tests min/max/avg/stdev = 1315740.52/1968500.10/1808549.63/234182.03 responses/s
02:58:29.896 32  switches: flows/sec:  388081  384086  387281  384886  384086  387281  382489  385684  387281  384088  382490  380095  384088  383288  383288  382490  384088  384088  384088  383288  382490  383288  381690  384087  382490  382490  383288  384088  384089  381693  384089  381692   total = 1228.004442 per ms 
02:58:40.028 32  switches: flows/sec:  423245  423244  423245  423244  423245  423245  422446  423245  423245  423245  423245  421647  423245  423245  423245  423245  423245  423245  423245  423245  423245  423245  423245  423244  423245  423245  423245  423245  423245  423244  423245  423244   total = 1350.327370 per ms 
02:58:50.131 32  switches: flows/sec:  444805  450396  444007  507094  458381  507094  438416  507094  499907  507094  446402  424042  444805  507094  507094  507094  507094  507094  456784  507094  507094  507094  507094  507094  448798  499108  507094  507094  507094  436820  507094  507094   total = 1552.679866 per ms 
02:59:00.233 32  switches: flows/sec:  532649  560598  532649  658823  591743  658823  529454  658823  654032  658823  535842  528655  532648  658823  658823  658823  658823  658823  582958  658823  658823  658823  658823  658823  560599  654031  658823  658823  658823  531051  658823  658823   total = 1984.340104 per ms 
02:59:10.337 32  switches: flows/sec:  539836  551814  539836  670801  570980  670801  537440  670802  650039  666809  539037  535044  539037  666809  666809  666809  666809  666809  578167  666809  666809  666809  666809  666808  547023  645247  666809  666809  666809  535044  666809  666808   total = 1998.846682 per ms 
02:59:20.440 32  switches: flows/sec:  535044  555009  535843  662816  594937  662816  533447  662815  654830  662816  537440  531850  535843  662816  662816  662816  662816  662816  582959  662816  662816  662816  662816  662816  553411  653232  662816  662816  662815  531850  662815  662816   total = 1992.880141 per ms 
02:59:30.543 32  switches: flows/sec:  533447  550217  534246  662816  574972  662815  533447  662816  649240  662816  537439  530252  539037  662816  662816  662816  662816  662816  586153  662816  662816  662816  662816  662816  547023  649240  662816  662816  662816  531849  662816  662815   total = 1988.936986 per ms 
02:59:40.648 32  switches: flows/sec:  536641  557404  539037  666808  585355  666809  536641  666808  652435  666808  539836  536641  538238  666809  666809  666808  666808  666808  585354  666809  666808  666809  666809  666808  551814  655629  666809  666808  666808  535044  666808  666809   total = 2001.609032 per ms 
02:59:50.752 32  switches: flows/sec:  535044  551016  535044  662816  577369  662816  533447  662816  646046  662816  536641  531849  537440  662815  662815  662816  662816  662816  582958  662815  662816  662815  662815  662816  550217  646844  662815  662816  662816  532648  662816  662816   total = 1988.852362 per ms 
03:00:00.856 32  switches: flows/sec:  527856  560598  527857  654830  602923  654830  526260  654830  650039  654830  530252  525461  531850  654830  654830  654830  654830  654830  587749  654830  654830  654830  654830  654830  557404  651635  654830  654830  654830  525462  654830  654830   total = 1974.595494 per ms 
RESULT: 32 switches 9 tests min/max/avg/stdev = 1350327.37/2001609.03/1870340.89/229021.68 responses/s
-------------------------------------------------------------
MACs per switch: 10000000
Threads: 8
03:00:21.241 32  switches: flows/sec:  396068  391274  391274  392073  389676  391274  392073  391274  390475  392073  389676  391274  391274  391274  391274  389677  392073  392073  389676  392073  391274  389677  389676  389677  391274  392073  391274  389677  389677  392073  391274  392074   total = 1251.660671 per ms 
03:00:31.344 32  switches: flows/sec:  375330  375330  375330  375330  375329  375329  375330  375329  375329  375330  375329  375329  375329  375330  375329  375329  371337  371337  371336  371337  371336  371336  371336  371336  371337  371337  371336  371336  371336  371337  371336  371337   total = 1194.619766 per ms 
03:00:41.447 32  switches: flows/sec:  327415  327415  327415  327415  327415  327415  327415  327415  327415  327415  327415  327415  327415  327415  327415  326616  327416  327416  327416  327416  327416  327416  327416  327416  327416  327416  327416  327416  327416  327416  327416  327416   total = 1047.581398 per ms 
03:00:51.550 32  switches: flows/sec:  439215  439216  439216  439215  439215  439215  439215  439215  439215  439215  439215  439215  439215  439215  439215  439215  439215  439215  439215  439215  439215  439215  439215  439215  439215  439215  439215  439215  439215  439215  439215  439215   total = 1405.322653 per ms 
03:01:01.662 32  switches: flows/sec:  199643  199644  199644  199643  199643  199643  199643  199643  199643  199643  199643  199643  199643  199643  199643  199644  199643  199643  199643  199643  199643  199643  199643  199643  199643  199643  199643  199643  199643  199643  199643  199644   total = 638.331887 per ms 
03:01:11.765 32  switches: flows/sec:  475151  475151  475151  475151  475151  475151  475151  475151  475151  475151  475151  475151  475151  475151  475151  475152  475151  475151  475151  475151  475151  475151  475151  475151  475151  475151  475151  475151  475151  475151  475151  475152   total = 1520.228762 per ms 
03:01:21.868 32  switches: flows/sec:  491122  491122  491122  491122  491123  491123  491122  491123  491123  491122  491123  491123  491123  491122  491123  491123  491122  491122  491123  491122  491123  491122  491123  491122  491122  491122  491123  491122  491122  491122  491123  491123   total = 1571.416530 per ms 
03:01:31.970 32  switches: flows/sec:  435222  435222  435222  435403  435403  435223  435403  435223  435403  435403  435403  435223  435223  435222  435223  435222  435403  435403  435403  435403  435223  435223  435403  435223  435222  435403  435223  435223  435223  435403  435223  435402   total = 1392.923948 per ms 
03:01:42.072 32  switches: flows/sec:  175505  175506  175506  175686  175686  175506  175686  175506  175686  175686  175686  175506  175506  175505  175506  175506  175686  175686  175686  175686  175506  175506  175686  175506  175505  175686  175506  175506  175506  175686  175506  175686   total = 561.835841 per ms 
03:01:52.174 32  switches: flows/sec:  307451  307451  307451  307451  307450  307450  307451  307450  307450  307451  307450  307450  307450  307451  307450  307451  307451  307451  307450  307451  307450  307450  307450  307450  307451  307451  307450  307450  307450  307451  307450  307451   total = 983.628348 per ms 
RESULT: 32 switches 9 tests min/max/avg/stdev = 561835.84/1571416.53/1146209.90/347472.62 responses/s
03:02:12.544 32  switches: flows/sec:  420822  417626  413634  413634  416030  413634  413634  405648  413634  416030  412835  416030  413634  414432  412036  413634  412835  416030  415231  413634  416030  407245  413634  413634  413634  413634  413634  405648  413636  413636  413636  416031   total = 1323.689937 per ms 
03:02:22.648 32  switches: flows/sec:  415259  415258  415258  415258  415258  415258  415258  412862  415258  415258  415258  415258  415258  415258  415258  415258  415258  415258  415258  415258  415258  412863  415258  415258  415258  415258  415258  411265  415258  415258  415258  415258   total = 1327.656012 per ms 
03:02:32.748 32  switches: flows/sec:  455186  455187  455187  455187  455186  455187  455187  448000  455187  455186  455187  455186  455187  455187  455187  455187  455187  455187  455187  455187  455186  448798  455187  455187  455187  455187  455187  443208  455186  455186  455186  455187   total = 1454.037883 per ms 
03:02:42.852 32  switches: flows/sec:  379322  379322  379323  379323  379322  379323  379323  379322  379323  379322  379322  379322  379323  379322  379323  379323  379322  379322  379322  379322  379322  379322  379323  379323  379323  379323  379323  378524  379322  379322  379322  379322   total = 1213.509441 per ms 
03:02:52.952 32  switches: flows/sec:  427237  427237  427236  427236  427237  427236  427236  394495  427236  427237  427237  427237  427236  427237  427236  427236  427237  427237  427237  427237  427237  402481  427236  427236  427236  427236  427236  378524  427237  425640  427237  427237   total = 1356.356768 per ms 
03:03:03.054 32  switches: flows/sec:  527058  527058  527059  527059  527058  527059  527059  515878  527059  527058  527058  527058  527059  527059  527059  527059  527058  527059  527059  527058  527058  511885  527059  527059  527059  527059  527059  500705  527058  527058  527058  527058   total = 1681.267507 per ms 
03:03:13.160 32  switches: flows/sec:  483138  483137  483138  483138  483138  483138  483138  483137  483138  483138  483138  483138  483138  483138  483138  483138  483138  483138  483138  483138  483138  483138  483138  483138  483138  483138  483138  483137  483138  483138  483138  483137   total = 1545.741944 per ms 
03:03:23.264 32  switches: flows/sec:  223600  223601  223601  223601  223600  223601  223601  223601  223601  223600  223600  223600  223601  223601  223601  223601  223600  223601  223601  223600  223600  221205  223601  223601  223601  223601  223601  222802  223600  223600  223600  223601   total = 714.957441 per ms 
03:03:33.368 32  switches: flows/sec:  399287  399286  399287  399287  399287  399287  399287  366545  399287  399287  399287  399287  399287  399286  399287  399287  399287  399286  399286  399287  399287  367343  399287  399287  399287  399287  399287  350573  399287  396092  398488  399286   total = 1265.725988 per ms 
03:03:43.471 32  switches: flows/sec:  543030  543030  543029  543029  543030  543029  543029  497511  543029  543030  543030  543030  543029  543030  543029  543029  543030  543030  543030  543030  543030  507094  543029  539037  539037  539037  539037  466367  539037  539037  539037  539037   total = 1718.682885 per ms 
RESULT: 32 switches 9 tests min/max/avg/stdev = 714957.44/1718682.88/1364215.10/283340.37 responses/s
03:04:03.872 32  switches: flows/sec:  424815  421620  421620  421620  417626  419224  421620  408842  421621  420023  416829  417628  416029  417628  417628  417628  417627  402455  417627  417628  416029  415232  419224  420023  405649  416031  417629  417629  417629  417629  417629  417629   total = 1333.105481 per ms 
03:04:13.976 32  switches: flows/sec:  415258  415258  415258  415258  415258  415258  415258  405675  415259  415259  415258  415258  415258  415258  415258  415258  415258  398488  415258  415258  415258  414459  415258  415259  406474  415258  415258  415258  415258  415258  415258  415258   total = 1324.940945 per ms 
03:04:24.079 32  switches: flows/sec:  475151  475151  475151  475151  475151  475151  475151  452791  475151  475151  474352  475151  475151  475151  475151  475151  475151  436021  475151  475151  475151  471158  475151  475151  448798  475151  475151  475151  475151  475151  475151  475151   total = 1510.994562 per ms 
03:04:34.535 32  switches: flows/sec:  355365  355365  355365  355546  355365  355365  355365  354567  355365  355365  355365  355546  355365  355546  355365  355546  355365  352970  355365  355546  355545  355365  355365  355365  354566  355546  355365  355365  355365  355546  355365  355365   total = 1098.023909 per ms 
03:04:44.637 32  switches: flows/sec:  490942  490942  490942  490855  491122  490943  490942  443827  491123  491123  486949  490855  490942  490855  490942  490855  490942  412682  491123  490855  490854  482956  491122  491123  430251  490855  491123  490942  491123  490855  490942  490942   total = 1551.265044 per ms 
03:04:54.739 32  switches: flows/sec:  499108  499108  499108  499108  499108  499109  499108  479144  499108  499108  499108  499108  499108  499108  499108  499108  499108  468763  499108  499108  499108  499108  499108  499108  479144  499108  499108  499108  499108  499108  499108  499108   total = 1590.093118 per ms 
03:05:04.842 32  switches: flows/sec:  455187  455187  455187  455187  455187  455186  455187  455186  455186  455186  455186  455187  455187  455187  455187  455187  455187  455186  455187  455187  455187  455187  455187  455186  455186  455186  455186  455186  455186  455186  455186  455186   total = 1456.383394 per ms 
03:05:14.948 32  switches: flows/sec:  199645  199645  199645  199645  199644  199644  199645  198047  199644  199644  199645  199645  199645  199645  199645  199645  199645  198047  199645  199645  199645  199645  199644  199644  194853  199644  199644  199644  199644  199644  199644  199644   total = 637.953215 per ms 
03:05:25.049 32  switches: flows/sec:  459179  459179  459179  459179  459179  459180  459179  416057  459180  459180  453589  459179  459179  459179  459179  459179  459179  376128  459179  459179  459179  449596  459179  459180  393696  459180  459180  459180  459180  459180  459180  459180   total = 1448.544407 per ms 
03:05:35.154 32  switches: flows/sec:  547023  547022  547022  547022  547023  547022  547022  487929  547022  547022  546224  547022  547023  547022  547022  547022  547023  453589  547023  547022  547023  544627  547023  547022  491122  547022  547022  547022  547022  547022  547022  547022   total = 1729.071107 per ms 
RESULT: 32 switches 9 tests min/max/avg/stdev = 637953.22/1729071.11/1371918.86/308329.10 responses/s
-------------------------------------------------------------
