100000 32 8
date: Sun Apr 26 02:09:53 MDT 2015
Fixed 32 switches throughput
MACs per switch: 1000
Threads: 8
02:10:09.920 32  switches: flows/sec:  18497  13029  13705  11695  16357  11854  10131  12635  10257  10987  13971  11271  11777  12932  12227  10015  9990  9511  28622  17708  9955  10019  19770  10469  26766  9844  10141  11359  8531  8660  11891  10007   total = 41.458006 per ms 
02:10:20.025 32  switches: flows/sec:  35236  34883  34706  34346  35189  35875  34908  32755  32988  32366  30787  33269  34896  35786  32062  33409  33767  35816  36398  34483  33057  36722  34423  37512  32664  33943  35055  34047  36569  32602  33664  34407   total = 109.858978 per ms 
02:10:30.129 32  switches: flows/sec:  34644  33037  35419  33721  34113  35087  32992  34585  35478  31804  33526  31805  33929  35695  32262  36755  35763  35395  34610  31870  31984  32109  34563  36086  34106  33639  34429  35677  33935  36122  33829  32560   total = 109.152398 per ms 
02:10:40.232 32  switches: flows/sec:  36828  32708  36669  33459  32625  35079  31578  31547  31535  33985  32950  31030  32214  36149  32098  34850  32288  34613  34488  34675  32196  34557  33969  35349  34005  33596  32198  33248  33730  34644  34152  35585   total = 107.859646 per ms 
02:10:50.335 32  switches: flows/sec:  38197  31666  35891  33168  35320  35438  32266  34315  38310  33079  34698  31835  34930  36073  33798  34961  34992  36714  34378  34695  35406  34120  35017  33279  34804  34651  34697  33711  37353  35721  34443  34918   total = 111.283710 per ms 
02:11:00.439 32  switches: flows/sec:  36020  34042  36642  32944  33100  34394  34001  34620  33914  30840  31190  32711  33338  34646  32879  32924  32455  37031  34614  34504  32279  35008  35360  32673  35237  34594  33927  33642  33318  32582  33898  36114   total = 108.543644 per ms 
02:11:10.541 32  switches: flows/sec:  34278  31952  32980  34155  31502  32640  29968  32750  31418  32182  31016  31483  33910  31827  31219  31383  36353  34013  33255  34383  31042  31007  33769  32731  34267  32922  32769  32333  31019  32060  29224  33943   total = 103.975019 per ms 
02:11:20.645 32  switches: flows/sec:  32126  31583  32079  34165  30835  32275  33114  30740  32003  34105  31404  31145  31436  31722  31410  31088  32044  35082  32306  32208  31191  33075  34224  32799  32235  30881  31959  33336  35719  32662  32214  33521   total = 103.668559 per ms 
02:11:30.749 32  switches: flows/sec:  34406  32335  33497  34484  32386  32059  29568  31413  30960  29213  31183  30275  30915  32211  31776  34317  31193  33400  35107  32060  32133  36022  34780  34986  32880  33076  33083  32006  32086  33107  32194  33122   total = 104.223217 per ms 
02:11:40.851 32  switches: flows/sec:  34013  32403  33135  33416  32839  32722  31203  32882  34572  30801  31674  31904  32386  31835  33770  28623  33312  35496  32514  32170  31485  34919  33208  29795  34897  32096  32909  32313  33290  31945  32185  33890   total = 104.460179 per ms 
RESULT: 32 switches 9 tests min/max/avg/stdev = 103668.56/111283.71/107002.82/2762.62 responses/s
02:12:01.208 32  switches: flows/sec:  22772  8952  10585  12652  10039  12865  10557  10400  10421  20952  12373  8089  9479  10209  12424  13711  10439  9179  10989  9915  12003  29359  10093  19807  9582  11881  10901  10469  9078  13053  17878  8939   total = 40.004372 per ms 
02:12:11.312 32  switches: flows/sec:  35750  36384  33375  32967  34192  33497  35297  30209  31598  30629  33152  30841  34867  33600  31948  35749  34916  31725  32905  35427  34547  33079  30985  33726  33373  36165  32751  36280  32959  34294  32970  36891   total = 107.703949 per ms 
02:12:21.416 32  switches: flows/sec:  36531  31572  31907  36889  32716  35886  35641  32980  31298  32465  32601  31724  36273  34317  33483  34244  36210  34745  34760  33983  35782  32982  36883  31850  37243  34156  33137  33692  36968  36295  35654  37038   total = 110.190390 per ms 
02:12:31.519 32  switches: flows/sec:  34956  35271  32483  36887  34588  36296  36720  35323  34644  35277  34281  31966  37171  33859  35424  37310  36125  33847  34632  37314  37640  36989  36642  36514  38253  37836  33967  34925  38372  35007  37229  37639   total = 114.538597 per ms 
02:12:41.622 32  switches: flows/sec:  35226  37389  32865  38113  35188  34374  38404  35181  35123  34736  33085  28632  37228  33549  34341  34329  38050  39754  35311  35826  36299  35839  36659  37758  36423  33322  34880  37034  38818  37506  35301  36998   total = 114.354066 per ms 
02:12:51.726 32  switches: flows/sec:  34564  34414  32650  36344  34140  35634  38013  36016  37180  38927  33635  30480  38263  33678  35061  37134  33949  37948  36077  37231  36175  34218  38083  35317  37243  34968  34936  38964  37042  36796  35349  38277   total = 114.870462 per ms 
02:13:01.830 32  switches: flows/sec:  31944  35923  33992  37945  33671  35626  34838  34523  34895  33006  34205  34708  39332  33615  37532  38466  33280  36613  34847  34595  35542  35659  36662  35359  36863  33978  34429  39351  38709  34554  33719  38803   total = 113.718275 per ms 
02:13:11.933 32  switches: flows/sec:  32474  35554  35667  34981  33947  36007  33587  34684  33845  33947  34852  32228  35380  33369  36586  36975  34332  36036  35908  34159  35994  34380  35083  32937  36797  34108  32458  38382  34803  34831  36190  37380   total = 111.786044 per ms 
02:13:22.036 32  switches: flows/sec:  32912  32946  32042  35188  34248  37459  35099  34572  34004  33242  31339  31232  37253  35078  35723  34531  34270  35226  34536  35767  36136  34598  34836  34243  36431  34984  34640  39492  36192  36764  34604  38654   total = 111.824078 per ms 
02:13:32.139 32  switches: flows/sec:  35404  35448  32963  34660  34220  35688  36790  34493  34048  36700  33438  32363  35988  35434  35537  36239  34026  36242  35258  35311  34478  35013  34980  32625  34271  34156  34453  41804  37378  34918  34795  38415   total = 112.753160 per ms 
RESULT: 32 switches 9 tests min/max/avg/stdev = 107703.95/114870.46/112415.45/2211.07 responses/s
02:13:52.495 32  switches: flows/sec:  8665  7846  8296  12685  7231  7363  8833  6916  7948  7736  6979  14692  10682  7085  7328  10400  7588  12985  8169  13152  13166  12943  24390  10346  9010  7959  7360  7703  8141  22839  6902  9629   total = 32.296664 per ms 
02:14:02.599 32  switches: flows/sec:  31258  30045  30109  30151  29976  27420  31430  31961  28921  32895  32192  30679  32586  29513  30392  32318  31936  31405  32641  30545  32552  32653  32760  31821  30757  32205  30421  31824  30025  32568  30313  29855   total = 99.612630 per ms 
02:14:12.702 32  switches: flows/sec:  29965  31099  32827  33122  31525  29827  32459  29893  33586  32149  32709  29941  30027  30623  30086  30651  32911  33139  32489  32500  32917  30542  30624  30454  31573  29673  34604  33043  34926  32043  31343  32006   total = 101.527519 per ms 
02:14:22.805 32  switches: flows/sec:  33888  32098  31415  33457  32917  30510  33652  30481  33044  32656  33022  31700  32306  31776  32180  33591  32968  36168  33376  31736  32614  33281  33785  32525  33087  32977  31632  34033  33034  32259  31163  31695   total = 104.502506 per ms 
02:14:32.909 32  switches: flows/sec:  30160  33952  33463  31840  31927  32095  34841  32169  32424  30275  31375  31138  33138  30488  30756  35165  31548  33446  34723  31087  32725  33085  33379  30651  30186  31208  31464  34196  32006  32203  32840  30503   total = 103.045579 per ms 
02:14:43.013 32  switches: flows/sec:  31746  34053  34318  31549  31833  32085  37162  31255  32615  34676  31694  30998  32849  31059  32205  33399  34374  35157  32965  32720  33231  32939  34904  32309  31645  32476  30406  34296  33993  35960  32266  32788   total = 105.592215 per ms 
02:14:53.117 32  switches: flows/sec:  32067  33192  31215  32749  29813  32328  30293  32350  32196  30951  33554  32582  29360  29802  33985  32846  35368  35148  36992  32484  32938  33664  31698  33393  30158  30860  31379  32992  33287  33550  33309  30560   total = 103.706072 per ms 
02:15:03.220 32  switches: flows/sec:  30689  31862  31794  31259  28675  31271  31295  29889  31404  34475  31341  30308  30876  28626  32256  31311  35174  34697  33829  31346  32420  32723  32464  32938  33074  30243  30719  34680  33830  33476  32118  31959   total = 102.302049 per ms 
02:15:13.324 32  switches: flows/sec:  33505  32688  32858  32743  29319  31575  31334  31447  33375  35669  31170  29546  30199  31650  32393  31322  33558  33772  34131  32704  33987  32576  33152  30908  31361  33008  31215  36090  32311  33658  33562  29935   total = 103.672069 per ms 
02:15:23.427 32  switches: flows/sec:  31368  32016  35295  31014  28432  31188  30691  31066  33405  33298  29539  32291  28523  30650  32001  32958  32129  30965  33194  30487  29152  33526  31550  29421  29111  31755  28890  32262  30222  33987  33121  29148   total = 100.265089 per ms 
RESULT: 32 switches 9 tests min/max/avg/stdev = 99612.63/105592.21/102691.75/1846.42 responses/s
-------------------------------------------------------------
MACs per switch: 10000
Threads: 8
02:15:43.800 32  switches: flows/sec:  1291  1246  1226  1156  909  1325  1230  1076  1441  1061  1244  1335  995  1462  1392  946  1179  1438  1021  1024  1368  1196  1051  1620  1459  1922  1092  1759  1518  970  1262  1439   total = 4.064839 per ms 
02:15:53.902 32  switches: flows/sec:  865  835  798  825  846  852  828  863  801  801  841  794  865  831  835  814  880  877  817  784  881  841  847  808  803  847  842  826  833  817  887  839   total = 2.671939 per ms 
02:16:04.002 32  switches: flows/sec:  750  735  735  733  749  730  769  712  762  750  768  681  712  754  715  749  743  709  709  757  791  742  769  753  720  709  756  728  758  743  774  783   total = 2.374671 per ms 
02:16:14.103 32  switches: flows/sec:  735  747  772  700  743  752  756  759  749  756  777  710  754  708  684  697  711  775  824  762  734  760  768  721  635  715  768  749  750  744  743  754   total = 2.371198 per ms 
02:16:24.204 32  switches: flows/sec:  730  650  692  670  684  695  680  723  653  694  733  679  695  661  694  665  695  725  678  678  712  709  692  720  572  666  743  682  693  639  663  717   total = 2.198013 per ms 
02:16:34.305 32  switches: flows/sec:  662  650  634  677  652  621  658  717  642  685  613  573  674  658  605  620  684  634  588  639  648  574  614  727  724  632  700  705  618  656  681  635   total = 2.079920 per ms 
02:16:44.405 32  switches: flows/sec:  640  622  620  626  643  563  603  665  615  624  633  666  618  648  688  640  630  634  632  601  627  617  641  549  633  691  643  655  668  622  595  698   total = 2.024987 per ms 
02:16:54.506 32  switches: flows/sec:  609  541  577  635  723  580  636  630  673  641  666  527  573  598  615  701  682  640  601  578  658  641  618  685  615  621  670  653  621  641  585  523   total = 1.995426 per ms 
02:17:04.607 32  switches: flows/sec:  608  568  660  639  522  587  625  608  589  590  617  607  589  501  508  574  594  619  605  613  597  610  503  552  653  610  639  616  612  552  557  616   total = 1.893905 per ms 
02:17:14.708 32  switches: flows/sec:  556  561  630  521  624  595  572  580  536  550  580  554  563  621  597  643  496  584  583  514  590  580  572  541  571  607  591  600  573  574  607  575   total = 1.844018 per ms 
RESULT: 32 switches 9 tests min/max/avg/stdev = 1844.02/2671.94/2161.56/253.11 responses/s
02:17:35.060 32  switches: flows/sec:  1048  1506  1285  1685  1618  1313  1028  1335  1353  1368  1080  1376  872  1091  1198  1220  1239  1253  1130  1086  953  1694  1264  1450  942  1136  1175  1275  1481  1772  1124  1060   total = 4.039807 per ms 
02:17:45.163 32  switches: flows/sec:  769  781  767  776  807  758  794  860  813  765  773  802  740  794  843  804  771  806  777  846  820  786  837  821  748  798  789  780  834  797  852  801   total = 2.550415 per ms 
02:17:55.264 32  switches: flows/sec:  735  769  747  729  799  704  739  721  750  744  727  760  739  745  765  737  748  701  753  703  704  761  750  753  750  731  737  736  719  738  751  807   total = 2.374965 per ms 
02:18:05.365 32  switches: flows/sec:  697  727  795  683  794  753  725  795  741  762  771  782  706  767  781  725  710  796  773  759  834  710  761  749  763  781  767  663  775  770  771  761   total = 2.414613 per ms 
02:18:15.466 32  switches: flows/sec:  779  737  647  745  720  651  807  715  747  730  710  686  710  673  700  754  657  689  652  680  751  764  718  663  704  769  791  726  662  778  732  695   total = 2.293931 per ms 
02:18:25.567 32  switches: flows/sec:  623  640  694  704  580  702  694  661  746  679  553  664  588  620  600  696  622  636  663  644  712  678  604  656  715  572  678  717  742  687  679  719   total = 2.116732 per ms 
02:18:35.668 32  switches: flows/sec:  556  604  561  605  627  679  633  620  604  632  652  673  564  631  640  648  662  645  598  656  695  628  606  657  637  687  592  565  701  633  652  675   total = 2.021590 per ms 
02:18:45.768 32  switches: flows/sec:  607  570  589  669  585  621  593  636  562  640  622  672  582  534  583  541  641  630  707  592  647  616  639  601  677  617  664  665  606  617  697  548   total = 1.976924 per ms 
02:18:55.870 32  switches: flows/sec:  627  605  631  602  580  626  598  624  510  580  593  592  502  493  595  607  628  558  575  649  616  572  636  617  618  544  609  617  573  619  622  538   total = 1.895371 per ms 
02:19:05.972 32  switches: flows/sec:  576  559  515  559  472  564  569  606  559  583  538  564  627  536  624  599  602  557  601  509  592  579  614  568  510  569  549  509  540  552  573  592   total = 1.806286 per ms 
RESULT: 32 switches 9 tests min/max/avg/stdev = 1806.29/2550.42/2161.20/242.92 responses/s
02:19:26.332 32  switches: flows/sec:  1061  961  1009  1210  1451  1598  1049  1263  1065  1315  1057  1467  1300  1386  1447  1280  1067  1074  1112  1235  1198  1113  1462  1446  1348  1410  1249  1094  1545  1378  1361  1078   total = 4.008644 per ms 
02:19:36.436 32  switches: flows/sec:  814  831  850  835  762  845  817  799  823  847  827  782  802  799  797  805  847  814  801  863  825  861  860  811  828  836  844  837  830  879  834  798   total = 2.639328 per ms 
02:19:46.536 32  switches: flows/sec:  732  744  719  754  743  778  696  724  772  774  708  736  720  701  759  735  753  779  758  738  739  748  781  721  751  722  741  799  731  733  776  749   total = 2.381396 per ms 
02:19:56.640 32  switches: flows/sec:  719  654  753  735  703  670  774  726  764  773  718  766  708  732  747  738  778  717  734  694  730  652  771  746  713  730  720  727  741  758  748  734   total = 2.336551 per ms 
02:20:06.740 32  switches: flows/sec:  669  698  692  711  709  709  694  711  640  687  677  703  747  712  737  725  712  687  668  689  762  691  714  701  721  720  699  668  711  756  684  713   total = 2.251649 per ms 
02:20:16.842 32  switches: flows/sec:  678  663  662  629  603  666  650  622  640  663  622  681  633  689  708  661  652  631  663  687  685  709  698  626  712  652  650  605  635  652  638  670   total = 2.103158 per ms 
02:20:26.943 32  switches: flows/sec:  606  645  637  626  671  550  614  673  752  618  641  656  633  609  603  661  622  600  592  590  629  600  636  680  617  615  588  653  686  599  645  645   total = 2.019018 per ms 
02:20:37.044 32  switches: flows/sec:  603  624  604  686  652  671  688  620  608  564  643  572  601  661  662  559  603  647  611  599  589  610  636  590  595  579  538  657  566  628  655  536   total = 1.965678 per ms 
02:20:47.144 32  switches: flows/sec:  549  578  507  613  603  590  589  603  564  588  572  599  543  540  562  573  619  613  604  564  586  633  594  600  571  576  573  603  588  555  611  585   total = 1.864797 per ms 
02:20:57.245 32  switches: flows/sec:  532  597  538  585  599  505  573  569  548  588  536  556  538  569  608  576  617  561  516  614  595  576  581  599  586  562  650  569  568  616  597  472   total = 1.829532 per ms 
RESULT: 32 switches 9 tests min/max/avg/stdev = 1829.53/2639.33/2154.57/252.83 responses/s
-------------------------------------------------------------
MACs per switch: 100000
Threads: 8
02:21:17.587 32  switches: flows/sec:  1082  1203  1208  1185  1272  1197  1430  935  1203  1331  1536  918  1063  1078  940  1284  1272  1088  1069  1333  1224  1134  868  902  1623  917  1090  1207  1356  1387  1295  1798   total = 3.842707 per ms 
02:21:27.687 32  switches: flows/sec:  904  830  831  827  869  847  837  895  836  801  902  817  896  911  862  837  860  869  850  878  884  826  861  782  833  872  897  874  808  868  859  839   total = 2.736152 per ms 
02:21:37.788 32  switches: flows/sec:  813  749  778  763  754  827  753  755  798  828  773  747  830  769  801  765  766  753  771  769  757  751  770  748  761  767  786  749  745  825  744  761   total = 2.472540 per ms 
02:21:47.888 32  switches: flows/sec:  678  747  732  731  753  720  730  742  705  744  768  694  671  716  713  690  727  760  798  711  707  733  710  761  709  695  735  717  728  716  729  751   total = 2.322075 per ms 
02:21:57.989 32  switches: flows/sec:  728  726  737  716  716  689  680  729  745  745  724  677  708  659  681  759  686  715  698  700  724  705  747  759  763  694  710  739  740  658  692  702   total = 2.285068 per ms 
02:22:08.091 32  switches: flows/sec:  688  651  708  649  690  655  678  661  649  679  652  677  617  673  681  683  678  660  659  627  720  670  686  661  670  701  671  708  731  672  655  655   total = 2.151024 per ms 
02:22:18.192 32  switches: flows/sec:  643  702  599  621  603  662  658  633  595  621  574  673  596  559  672  638  580  637  653  665  644  612  626  670  664  636  655  637  689  625  661  653   total = 2.035569 per ms 
02:22:28.292 32  switches: flows/sec:  573  635  629  579  637  624  572  588  648  644  589  654  662  633  638  620  627  631  587  538  600  610  634  669  591  675  601  616  665  607  641  633   total = 1.984922 per ms 
02:22:38.394 32  switches: flows/sec:  626  570  646  635  637  636  522  571  570  563  620  548  539  592  629  593  613  556  547  585  568  590  546  590  492  600  608  584  565  576  610  544   total = 1.866865 per ms 
02:22:48.495 32  switches: flows/sec:  600  593  581  545  600  572  544  492  546  591  588  516  551  571  551  592  617  557  602  516  558  560  571  558  548  612  582  572  567  601  533  559   total = 1.814333 per ms 
RESULT: 32 switches 9 tests min/max/avg/stdev = 1814.33/2736.15/2185.39/282.33 responses/s
02:23:08.826 32  switches: flows/sec:  1424  1126  1356  1516  974  1132  1217  1129  1029  1318  1429  1158  1080  999  1338  1229  1273  1419  1217  1059  1196  1205  1492  1400  1089  1086  976  1224  1312  1064  1822  941   total = 3.922862 per ms 
02:23:18.928 32  switches: flows/sec:  851  897  866  849  855  835  875  839  844  891  845  847  839  818  878  860  885  816  808  859  834  845  840  893  830  857  907  812  910  843  836  853   total = 2.731300 per ms 
02:23:29.028 32  switches: flows/sec:  759  770  761  779  736  755  718  761  762  759  742  749  750  764  812  758  770  803  773  762  778  793  729  751  779  745  742  779  752  759  772  769   total = 2.439050 per ms 
02:23:39.129 32  switches: flows/sec:  633  682  743  730  798  745  726  745  701  742  764  729  766  712  752  675  726  730  749  715  708  713  706  746  748  674  769  788  692  735  725  707   total = 2.327381 per ms 
02:23:49.231 32  switches: flows/sec:  695  645  680  688  706  668  746  685  691  670  673  651  671  686  709  663  619  712  645  768  663  669  685  676  677  678  628  622  694  679  716  703   total = 2.175622 per ms 
02:23:59.331 32  switches: flows/sec:  656  653  696  681  675  630  631  669  679  679  667  697  633  643  683  635  645  664  668  627  667  683  636  648  636  659  647  650  634  610  667  649   total = 2.099675 per ms 
02:24:09.432 32  switches: flows/sec:  632  608  635  656  666  679  614  615  654  620  597  645  649  613  607  614  624  619  648  591  599  632  572  641  597  669  578  611  624  664  641  647   total = 2.006057 per ms 
02:24:19.536 32  switches: flows/sec:  604  579  650  601  656  572  578  614  645  600  614  597  618  679  614  555  661  649  602  593  615  642  619  614  579  656  632  633  629  607  609  601   total = 1.970960 per ms 
02:24:29.636 32  switches: flows/sec:  612  548  602  562  631  600  540  610  601  622  582  603  587  566  606  587  546  591  558  588  521  515  590  611  585  576  535  571  551  638  606  594   total = 1.863470 per ms 
02:24:39.740 32  switches: flows/sec:  565  566  580  593  643  573  561  560  565  573  569  577  559  594  554  524  533  500  645  537  562  596  553  559  598  600  508  569  568  591  617  555   total = 1.824088 per ms 
RESULT: 32 switches 9 tests min/max/avg/stdev = 1824.09/2731.30/2159.73/278.16 responses/s
02:25:00.080 32  switches: flows/sec:  1655  1183  1387  1203  1135  1023  1310  1625  1360  1446  1112  1197  1114  1057  1400  1449  1005  1559  1247  1021  1300  1077  1091  1119  1135  1123  1522  1159  1428  868  1412  1150   total = 3.986700 per ms 
02:25:10.180 32  switches: flows/sec:  826  834  863  884  861  833  886  886  887  870  842  894  847  816  840  857  853  805  868  893  854  883  870  872  844  855  860  867  828  822  855  850   total = 2.740487 per ms 
02:25:20.281 32  switches: flows/sec:  718  717  746  758  743  783  780  736  732  732  780  726  746  742  751  784  767  787  789  768  747  745  801  764  740  726  711  742  759  775  740  786   total = 2.411965 per ms 
02:25:30.384 32  switches: flows/sec:  697  773  776  698  713  714  710  758  698  727  702  748  708  689  755  746  712  733  707  739  775  755  714  714  706  700  703  673  777  655  709  775   total = 2.315345 per ms 
02:25:40.484 32  switches: flows/sec:  648  733  702  692  665  741  728  660  659  711  766  686  727  675  695  736  715  692  682  718  686  746  720  709  642  704  692  676  713  583  710  627   total = 2.223890 per ms 
02:25:50.586 32  switches: flows/sec:  662  669  618  647  646  620  685  620  689  710  639  669  690  635  671  638  707  703  695  722  663  718  670  657  733  652  672  662  682  665  583  600   total = 2.128958 per ms 
02:26:00.688 32  switches: flows/sec:  671  635  595  650  627  610  632  677  622  613  596  589  586  663  586  608  610  584  628  696  664  626  621  622  613  621  657  692  631  642  620  646   total = 2.012857 per ms 
02:26:10.789 32  switches: flows/sec:  599  655  628  567  589  578  585  606  648  634  613  593  666  607  584  669  634  584  671  636  604  665  638  678  617  620  625  658  639  686  585  519   total = 1.987858 per ms 
02:26:20.889 32  switches: flows/sec:  542  571  587  622  599  585  614  633  575  570  590  579  600  554  604  524  609  609  597  565  602  601  567  614  600  576  550  564  530  593  569  615   total = 1.870990 per ms 
02:26:30.990 32  switches: flows/sec:  598  568  546  603  606  559  601  599  598  605  526  514  573  575  589  539  645  581  541  583  521  565  554  576  511  562  555  558  598  480  553  599   total = 1.818001 per ms 
RESULT: 32 switches 9 tests min/max/avg/stdev = 1818.00/2740.49/2167.82/275.05 responses/s
-------------------------------------------------------------
MACs per switch: 1000000
Threads: 8
02:26:51.331 32  switches: flows/sec:  1154  1078  1127  1331  1317  1274  1281  1028  1381  1201  1154  934  1604  1115  1173  997  1059  1286  1366  994  1095  1029  1159  1322  946  980  902  1461  1340  1475  1456  1324   total = 3.834216 per ms 
02:27:01.432 32  switches: flows/sec:  809  933  901  863  943  910  871  859  870  913  877  853  902  891  867  898  824  884  936  847  877  921  825  848  848  891  849  854  880  941  828  917   total = 2.812935 per ms 
02:27:11.532 32  switches: flows/sec:  758  747  713  734  794  755  744  716  730  754  726  717  728  721  730  749  747  777  767  750  731  752  775  812  701  763  795  711  742  760  739  752   total = 2.388977 per ms 
02:27:21.634 32  switches: flows/sec:  731  705  745  764  667  705  735  702  698  708  738  714  702  695  753  720  734  743  703  748  684  677  728  679  678  732  743  755  744  705  708  767   total = 2.300737 per ms 
02:27:31.735 32  switches: flows/sec:  641  715  722  765  746  713  626  622  676  645  763  732  696  659  673  699  686  713  660  638  639  650  704  689  668  637  731  637  657  637  726  718   total = 2.187994 per ms 
02:27:41.836 32  switches: flows/sec:  657  599  688  715  616  631  679  631  621  675  688  669  640  636  674  653  663  636  648  641  696  628  700  638  681  629  611  591  673  674  637  701   total = 2.091808 per ms 
02:27:51.937 32  switches: flows/sec:  601  625  618  653  644  594  649  563  588  608  665  669  644  646  680  554  672  624  540  629  633  653  679  640  616  634  583  677  647  661  651  651   total = 2.019001 per ms 
02:28:02.038 32  switches: flows/sec:  619  554  618  628  593  614  627  598  577  583  552  528  654  635  640  589  578  629  586  642  608  557  608  622  564  608  681  606  612  631  614  617   total = 1.936913 per ms 
02:28:12.140 32  switches: flows/sec:  522  557  606  592  524  598  587  588  487  580  519  586  618  541  612  583  551  655  567  540  650  609  637  570  601  589  574  610  552  603  557  643   total = 1.860569 per ms 
02:28:22.241 32  switches: flows/sec:  558  600  548  557  566  595  570  609  583  616  588  564  542  579  536  561  553  593  563  533  579  583  557  553  591  628  491  522  546  588  554  556   total = 1.816108 per ms 
RESULT: 32 switches 9 tests min/max/avg/stdev = 1816.11/2812.94/2157.23/294.67 responses/s
02:28:42.583 32  switches: flows/sec:  909  1229  1114  1069  896  1437  1128  1003  1662  1215  950  1291  1064  1057  1261  1178  1231  1411  1262  1790  1102  1351  946  1574  1324  1844  1298  1556  1333  908  1108  1385   total = 3.988371 per ms 
02:28:52.684 32  switches: flows/sec:  850  825  867  845  853  851  874  825  813  884  805  862  858  858  798  875  802  881  817  876  827  819  838  832  862  880  856  845  863  894  812  848   total = 2.709179 per ms 
02:29:02.788 32  switches: flows/sec:  795  744  770  700  749  744  731  761  768  727  757  762  775  725  732  709  735  735  755  717  784  775  740  748  767  687  729  837  755  761  758  794   total = 2.401782 per ms 
02:29:12.889 32  switches: flows/sec:  716  685  761  716  694  688  690  698  702  735  699  730  733  666  735  691  673  728  718  698  647  744  728  721  708  717  714  698  746  741  727  709   total = 2.275410 per ms 
02:29:22.991 32  switches: flows/sec:  721  706  761  683  735  708  688  699  725  727  719  742  695  751  727  704  659  688  722  732  705  721  690  706  704  701  715  642  732  692  701  645   total = 2.264249 per ms 
02:29:33.092 32  switches: flows/sec:  690  693  678  664  706  682  666  676  578  636  674  713  660  663  676  621  658  706  644  671  681  678  714  668  701  669  680  649  621  656  679  651   total = 2.139967 per ms 
02:29:43.194 32  switches: flows/sec:  689  662  663  589  635  652  626  652  651  678  631  621  651  587  650  648  610  596  629  606  664  674  649  663  672  665  622  648  645  682  623  620   total = 2.054948 per ms 
02:29:53.296 32  switches: flows/sec:  631  638  643  551  581  601  572  689  586  605  621  653  629  613  647  640  585  642  559  647  609  626  628  640  551  599  595  598  637  605  621  634   total = 1.967298 per ms 
02:30:03.396 32  switches: flows/sec:  548  587  619  574  555  585  605  579  616  577  642  593  587  633  602  570  597  561  589  625  611  628  551  548  543  640  603  596  589  620  584  594   total = 1.895097 per ms 
02:30:13.496 32  switches: flows/sec:  580  575  566  593  610  635  598  590  552  613  586  571  590  596  585  629  581  521  638  523  540  566  581  593  554  615  586  602  565  603  566  517   total = 1.861984 per ms 
RESULT: 32 switches 9 tests min/max/avg/stdev = 1861.98/2709.18/2174.43/256.02 responses/s
02:30:33.839 32  switches: flows/sec:  1283  1021  1402  1298  1059  1170  1100  1485  1748  1155  1036  1484  1002  1326  1326  1518  956  1445  1064  1376  1244  1235  1247  1151  935  1055  1743  1754  1133  1705  1527  1354   total = 4.133656 per ms 
02:30:43.940 32  switches: flows/sec:  857  812  800  824  825  820  776  841  805  814  808  793  887  824  867  823  857  819  858  807  840  875  867  864  830  792  817  838  854  789  811  839   total = 2.653084 per ms 
02:30:54.041 32  switches: flows/sec:  717  723  722  715  739  712  741  742  767  761  756  777  744  722  735  730  735  743  797  713  738  736  701  765  798  739  782  724  772  806  741  717   total = 2.380894 per ms 
02:31:04.142 32  switches: flows/sec:  704  730  732  725  729  757  728  739  745  739  720  719  732  718  713  705  675  710  687  677  750  712  691  692  674  724  742  751  761  685  735  686   total = 2.298447 per ms 
02:31:14.244 32  switches: flows/sec:  672  688  733  689  685  737  695  674  708  730  712  587  746  721  666  659  615  721  774  706  669  643  713  712  608  698  696  711  699  704  743  636   total = 2.214668 per ms 
02:31:24.344 32  switches: flows/sec:  710  698  693  605  723  656  674  691  587  672  683  677  686  687  611  640  584  641  587  653  672  672  627  705  639  684  636  638  662  612  601  615   total = 2.092087 per ms 
02:31:34.444 32  switches: flows/sec:  602  614  711  645  603  660  610  679  674  636  610  662  624  622  591  619  613  673  666  630  613  657  612  678  621  554  664  660  616  639  623  583   total = 2.026378 per ms 
02:31:44.545 32  switches: flows/sec:  601  646  637  582  621  579  690  639  614  600  599  627  574  631  627  551  601  645  593  620  599  629  656  565  616  616  664  626  540  670  637  594   total = 1.968782 per ms 
02:31:54.646 32  switches: flows/sec:  574  548  605  533  570  606  596  594  542  617  598  592  553  571  632  586  588  618  616  607  573  561  626  611  584  548  624  619  567  569  590  582   total = 1.879981 per ms 
02:32:04.748 32  switches: flows/sec:  549  578  528  579  565  562  558  579  599  533  558  514  556  601  584  569  493  521  584  592  581  619  520  589  542  502  541  566  578  548  599  510   total = 1.789292 per ms 
RESULT: 32 switches 9 tests min/max/avg/stdev = 1789.29/2653.08/2144.85/255.36 responses/s
-------------------------------------------------------------
MACs per switch: 10000000
Threads: 8
02:32:25.116 32  switches: flows/sec:  1006  1131  1112  1194  1180  1290  1219  1076  1102  1190  1497  1045  1312  1164  1403  1397  1516  1345  1098  1057  1428  942  1193  1196  1061  1127  1318  966  1107  936  1423  1574   total = 3.860495 per ms 
02:32:35.217 32  switches: flows/sec:  932  901  848  895  923  861  914  861  933  846  899  902  929  876  867  872  879  862  851  894  888  861  825  867  930  803  852  886  841  888  867  857   total = 2.810827 per ms 
02:32:45.318 32  switches: flows/sec:  771  726  797  759  772  764  826  795  773  797  761  751  798  796  786  733  819  801  763  775  743  782  801  750  785  790  753  763  800  769  770  821   total = 2.488929 per ms 
02:32:55.419 32  switches: flows/sec:  740  733  812  753  744  795  742  684  718  715  725  749  761  789  744  713  770  728  741  730  739  744  721  741  733  741  717  747  803  751  735  724   total = 2.378015 per ms 
02:33:05.520 32  switches: flows/sec:  691  706  711  723  671  682  693  746  736  733  677  734  717  678  713  696  717  721  726  722  719  755  713  698  689  697  700  693  746  729  683  686   total = 2.269877 per ms 
02:33:15.620 32  switches: flows/sec:  653  651  732  691  649  702  636  642  649  663  674  668  692  701  662  651  694  632  636  638  680  629  648  579  655  604  675  658  713  635  713  650   total = 2.115440 per ms 
02:33:25.721 32  switches: flows/sec:  645  640  674  615  625  646  666  643  600  677  667  641  622  591  656  595  660  649  585  666  642  672  584  615  656  657  595  586  656  611  653  671   total = 2.036066 per ms 
02:33:35.821 32  switches: flows/sec:  632  564  633  543  661  615  617  644  657  663  628  595  588  657  685  591  698  610  653  630  612  596  616  606  610  600  611  673  649  676  624  617   total = 2.005364 per ms 
02:33:45.922 32  switches: flows/sec:  608  560  613  596  553  593  563  589  588  531  531  572  603  535  548  571  624  588  671  544  623  555  655  594  556  531  561  576  591  575  571  558   total = 1.852642 per ms 
02:33:56.037 32  switches: flows/sec:  567  553  559  532  571  582  531  537  577  542  513  547  547  542  515  540  502  561  559  548  541  550  514  509  576  596  602  587  581  562  587  513   total = 1.761634 per ms 
RESULT: 32 switches 9 tests min/max/avg/stdev = 1761.63/2810.83/2190.98/312.19 responses/s
02:34:16.392 32  switches: flows/sec:  946  1367  1394  1534  1002  2431  1218  977  1107  1249  1624  1320  985  970  1405  1309  856  1102  1311  1088  1057  1202  1061  1117  992  1347  1302  1016  1386  1196  1462  893   total = 3.921057 per ms 
02:34:26.494 32  switches: flows/sec:  875  798  891  873  858  888  808  799  849  863  803  809  875  889  897  825  829  880  866  874  811  848  831  871  855  844  867  817  843  840  875  873   total = 2.721937 per ms 
02:34:36.596 32  switches: flows/sec:  855  800  812  800  794  797  800  871  839  755  802  822  803  813  768  848  729  807  779  772  745  769  871  811  827  806  834  831  799  801  807  783   total = 2.574569 per ms 
02:34:46.696 32  switches: flows/sec:  752  727  682  727  737  714  715  741  747  770  748  773  775  712  753  676  770  765  758  728  744  746  756  751  739  764  764  741  761  730  749  748   total = 2.376231 per ms 
02:34:56.797 32  switches: flows/sec:  727  732  721  679  688  731  729  725  730  711  729  695  702  721  678  700  771  714  723  679  698  734  721  708  689  692  737  713  712  698  745  694   total = 2.282564 per ms 
02:35:06.897 32  switches: flows/sec:  629  638  713  657  688  659  701  609  658  585  662  661  658  721  700  662  652  720  642  675  683  690  681  614  627  609  672  716  648  656  681  702   total = 2.126846 per ms 
02:35:16.998 32  switches: flows/sec:  638  632  557  600  603  623  653  610  593  644  626  680  644  681  647  661  617  583  580  646  613  630  678  591  644  629  610  570  654  649  727  623   total = 2.013513 per ms 
02:35:27.098 32  switches: flows/sec:  640  578  567  655  654  637  571  630  620  576  661  670  613  651  641  674  663  678  571  689  600  603  663  670  603  561  644  612  636  613  575  651   total = 2.006986 per ms 
02:35:37.199 32  switches: flows/sec:  609  659  582  590  592  605  572  569  558  605  571  615  547  585  518  539  568  507  582  586  595  619  633  551  507  579  627  538  575  566  559  622   total = 1.852944 per ms 
02:35:47.300 32  switches: flows/sec:  639  615  667  610  601  626  619  655  642  654  576  613  645  614  612  572  617  616  599  632  607  631  663  617  635  583  612  631  646  619  610  601   total = 1.987746 per ms 
RESULT: 32 switches 9 tests min/max/avg/stdev = 1852.94/2721.94/2215.93/277.13 responses/s
02:36:07.662 32  switches: flows/sec:  976  1141  1703  1125  1545  843  1358  1317  1198  873  1441  1005  1240  964  1259  957  1277  982  1058  1376  963  1259  1129  1354  1310  980  1404  920  1584  1120  1032  1863   total = 3.855321 per ms 
02:36:17.767 32  switches: flows/sec:  816  903  908  881  899  817  893  883  823  875  902  889  875  848  818  903  906  948  860  855  856  921  897  893  854  971  926  874  908  859  860  855   total = 2.816315 per ms 
02:36:27.868 32  switches: flows/sec:  769  765  767  747  794  808  775  813  799  765  761  784  829  788  818  777  783  816  769  812  828  766  745  813  799  843  804  812  797  770  735  782   total = 2.523067 per ms 
02:36:37.969 32  switches: flows/sec:  771  727  752  759  736  749  720  738  785  769  725  760  752  713  788  778  788  751  798  775  791  743  773  730  724  719  747  717  775  741  757  744   total = 2.409298 per ms 
02:36:48.072 32  switches: flows/sec:  723  647  735  737  728  687  740  688  749  756  667  678  742  694  718  740  726  700  735  716  685  721  715  746  629  718  773  708  758  752  754  736   total = 2.299515 per ms 
02:36:58.172 32  switches: flows/sec:  678  664  667  683  698  725  686  639  691  688  670  649  707  654  687  648  684  613  689  667  691  659  662  626  660  667  699  663  683  691  639  687   total = 2.151383 per ms 
02:37:08.272 32  switches: flows/sec:  640  564  674  563  591  638  648  647  696  627  620  637  539  621  639  623  665  571  637  651  597  577  657  621  655  587  593  609  603  667  592  612   total = 1.986096 per ms 
02:37:18.373 32  switches: flows/sec:  647  582  567  631  641  564  592  677  613  644  631  619  692  650  582  612  572  628  641  599  560  601  617  670  628  611  646  624  690  628  570  630   total = 1.985874 per ms 
02:37:28.473 32  switches: flows/sec:  513  514  608  594  622  622  568  565  612  570  549  583  575  559  588  589  537  590  598  592  531  576  624  556  626  615  535  571  568  597  584  589   total = 1.851999 per ms 
02:37:38.573 32  switches: flows/sec:  575  508  652  576  572  494  600  577  602  589  576  583  526  568  576  574  633  586  623  525  606  610  609  560  531  545  573  521  533  518  575  580   total = 1.827573 per ms 
RESULT: 32 switches 9 tests min/max/avg/stdev = 1827.57/2816.31/2205.68/314.71 responses/s
-------------------------------------------------------------
